 
Número de fotones = 100000.000000
Tamaño del paquete = 0.00500 [cm] 
***Parámetros del tejido*** 
Coef. de Absorcion: 35.000000
Coef. de Esparcimiento: 450.000000
Coef. de Anisotropia: 0.800000
Indice de Refracción: 1.330000
La última fila esta desbordada. Ignorarla
r [cm] 	 Fsph [1/cm2] 	 Fcyl [1/cm2] 	 Fpla [1/cm2]
0.00250 	 1.367e+04 	 1.434e+02 	 1.968e+00 
0.00750 	 1.542e+03 	 2.363e+01 	 1.441e+00 
0.01249 	 4.880e+02 	 1.012e+01 	 9.276e-01 
0.01749 	 1.992e+02 	 4.981e+00 	 5.648e-01 
0.02249 	 9.093e+01 	 2.588e+00 	 3.361e-01 
0.02749 	 4.349e+01 	 1.374e+00 	 1.996e-01 
0.03248 	 2.149e+01 	 7.439e-01 	 1.175e-01 
0.03748 	 1.096e+01 	 4.130e-01 	 6.780e-02 
0.04248 	 5.694e+00 	 2.265e-01 	 3.986e-02 
0.04748 	 2.967e+00 	 1.259e-01 	 2.314e-02 
0.05247 	 1.573e+00 	 7.077e-02 	 1.350e-02 
0.05747 	 8.541e-01 	 3.984e-02 	 7.820e-03 
0.06247 	 4.588e-01 	 2.258e-02 	 4.566e-03 
0.06747 	 2.485e-01 	 1.293e-02 	 2.622e-03 
0.07246 	 1.349e-01 	 7.519e-03 	 1.565e-03 
0.07746 	 7.483e-02 	 4.254e-03 	 9.136e-04 
0.08246 	 4.123e-02 	 2.373e-03 	 5.297e-04 
0.08746 	 2.292e-02 	 1.377e-03 	 3.095e-04 
0.09245 	 1.289e-02 	 7.500e-04 	 1.900e-04 
0.09745 	 6.959e-03 	 4.493e-04 	 1.105e-04 
0.10245 	 3.771e-03 	 2.605e-04 	 6.672e-05 
0.10745 	 2.222e-03 	 1.390e-04 	 4.883e-05 
0.11244 	 1.191e-03 	 8.691e-05 	 3.250e-05 
0.11744 	 7.101e-04 	 6.850e-05 	 1.588e-05 
0.12244 	 4.545e-04 	 3.244e-05 	 5.689e-06 
0.12744 	 2.496e-04 	 1.743e-05 	 1.951e-06 
0.13243 	 1.709e-04 	 8.992e-06 	 1.142e-06 
0.13743 	 9.741e-05 	 4.355e-06 	 3.787e-06 
0.14243 	 3.513e-05 	 3.378e-06 	 1.544e-06 
0.14743 	 1.266e-05 	 4.166e-07 	 6.438e-07 
0.15242 	 8.546e-06 	 2.567e-07 	 1.579e-07 
0.15742 	 3.510e-06 	 4.242e-08 	 0.000e+00 
0.16242 	 1.597e-06 	 0.000e+00 	 8.718e-08 
0.16742 	 6.444e-07 	 0.000e+00 	 0.000e+00 
0.17241 	 1.255e-07 	 0.000e+00 	 0.000e+00 
0.17741 	 1.100e-07 	 0.000e+00 	 0.000e+00 
0.18241 	 0.000e+00 	 0.000e+00 	 0.000e+00 
0.18741 	 0.000e+00 	 0.000e+00 	 0.000e+00 
0.19240 	 0.000e+00 	 0.000e+00 	 0.000e+00 
0.19740 	 0.000e+00 	 0.000e+00 	 0.000e+00 
0.20240 	 0.000e+00 	 0.000e+00 	 0.000e+00 
0.20740 	 0.000e+00 	 0.000e+00 	 0.000e+00 
0.21239 	 0.000e+00 	 0.000e+00 	 0.000e+00 
0.21739 	 0.000e+00 	 0.000e+00 	 0.000e+00 
0.22239 	 0.000e+00 	 0.000e+00 	 0.000e+00 
0.22739 	 0.000e+00 	 0.000e+00 	 0.000e+00 
0.23238 	 0.000e+00 	 0.000e+00 	 0.000e+00 
0.23738 	 0.000e+00 	 0.000e+00 	 0.000e+00 
0.24238 	 0.000e+00 	 0.000e+00 	 0.000e+00 
0.24738 	 0.000e+00 	 0.000e+00 	 0.000e+00 
0.25237 	 0.000e+00 	 0.000e+00 	 0.000e+00 
0.25737 	 0.000e+00 	 0.000e+00 	 0.000e+00 
0.26237 	 0.000e+00 	 0.000e+00 	 0.000e+00 
0.26737 	 0.000e+00 	 0.000e+00 	 0.000e+00 
0.27236 	 0.000e+00 	 0.000e+00 	 0.000e+00 
0.27736 	 0.000e+00 	 0.000e+00 	 0.000e+00 
0.28236 	 0.000e+00 	 0.000e+00 	 0.000e+00 
0.28736 	 0.000e+00 	 0.000e+00 	 0.000e+00 
0.29235 	 0.000e+00 	 0.000e+00 	 0.000e+00 
0.29735 	 0.000e+00 	 0.000e+00 	 0.000e+00 
0.30235 	 0.000e+00 	 0.000e+00 	 0.000e+00 
0.30735 	 0.000e+00 	 0.000e+00 	 0.000e+00 
0.31234 	 0.000e+00 	 0.000e+00 	 0.000e+00 
0.31734 	 0.000e+00 	 0.000e+00 	 0.000e+00 
0.32234 	 0.000e+00 	 0.000e+00 	 0.000e+00 
0.32734 	 0.000e+00 	 0.000e+00 	 0.000e+00 
0.33233 	 0.000e+00 	 0.000e+00 	 0.000e+00 
0.33733 	 0.000e+00 	 0.000e+00 	 0.000e+00 
0.34233 	 0.000e+00 	 0.000e+00 	 0.000e+00 
0.34733 	 0.000e+00 	 0.000e+00 	 0.000e+00 
0.35232 	 0.000e+00 	 0.000e+00 	 0.000e+00 
0.35732 	 0.000e+00 	 0.000e+00 	 0.000e+00 
0.36232 	 0.000e+00 	 0.000e+00 	 0.000e+00 
0.36732 	 0.000e+00 	 0.000e+00 	 0.000e+00 
0.37231 	 0.000e+00 	 0.000e+00 	 0.000e+00 
0.37731 	 0.000e+00 	 0.000e+00 	 0.000e+00 
0.38231 	 0.000e+00 	 0.000e+00 	 0.000e+00 
0.38731 	 0.000e+00 	 0.000e+00 	 0.000e+00 
0.39230 	 0.000e+00 	 0.000e+00 	 0.000e+00 
0.39730 	 0.000e+00 	 0.000e+00 	 0.000e+00 
0.40230 	 0.000e+00 	 0.000e+00 	 0.000e+00 
0.40730 	 0.000e+00 	 0.000e+00 	 0.000e+00 
0.41229 	 0.000e+00 	 0.000e+00 	 0.000e+00 
0.41729 	 0.000e+00 	 0.000e+00 	 0.000e+00 
0.42229 	 0.000e+00 	 0.000e+00 	 0.000e+00 
0.42729 	 0.000e+00 	 0.000e+00 	 0.000e+00 
0.43228 	 0.000e+00 	 0.000e+00 	 0.000e+00 
0.43728 	 0.000e+00 	 0.000e+00 	 0.000e+00 
0.44228 	 0.000e+00 	 0.000e+00 	 0.000e+00 
0.44728 	 0.000e+00 	 0.000e+00 	 0.000e+00 
0.45227 	 0.000e+00 	 0.000e+00 	 0.000e+00 
0.45727 	 0.000e+00 	 0.000e+00 	 0.000e+00 
0.46227 	 0.000e+00 	 0.000e+00 	 0.000e+00 
0.46727 	 0.000e+00 	 0.000e+00 	 0.000e+00 
0.47226 	 0.000e+00 	 0.000e+00 	 0.000e+00 
0.47726 	 0.000e+00 	 0.000e+00 	 0.000e+00 
0.48226 	 0.000e+00 	 0.000e+00 	 0.000e+00 
0.48726 	 0.000e+00 	 0.000e+00 	 0.000e+00 
0.49225 	 0.000e+00 	 0.000e+00 	 0.000e+00 
0.49725 	 0.000e+00 	 0.000e+00 	 0.000e+00 
0.50225 	 0.000e+00 	 0.000e+00 	 0.000e+00 
0.50725 	 0.000e+00 	 0.000e+00 	 0.000e+00 
0.51224 	 0.000e+00 	 0.000e+00 	 0.000e+00 
0.51724 	 0.000e+00 	 0.000e+00 	 0.000e+00 
0.52224 	 0.000e+00 	 0.000e+00 	 0.000e+00 
0.52724 	 0.000e+00 	 0.000e+00 	 0.000e+00 
0.53223 	 0.000e+00 	 0.000e+00 	 0.000e+00 
0.53723 	 0.000e+00 	 0.000e+00 	 0.000e+00 
0.54223 	 0.000e+00 	 0.000e+00 	 0.000e+00 
0.54723 	 0.000e+00 	 0.000e+00 	 0.000e+00 
0.55222 	 0.000e+00 	 0.000e+00 	 0.000e+00 
0.55722 	 0.000e+00 	 0.000e+00 	 0.000e+00 
0.56222 	 0.000e+00 	 0.000e+00 	 0.000e+00 
0.56722 	 0.000e+00 	 0.000e+00 	 0.000e+00 
0.57221 	 0.000e+00 	 0.000e+00 	 0.000e+00 
0.57721 	 0.000e+00 	 0.000e+00 	 0.000e+00 
0.58221 	 0.000e+00 	 0.000e+00 	 0.000e+00 
0.58721 	 0.000e+00 	 0.000e+00 	 0.000e+00 
0.59220 	 0.000e+00 	 0.000e+00 	 0.000e+00 
0.59720 	 0.000e+00 	 0.000e+00 	 0.000e+00 
0.60220 	 0.000e+00 	 0.000e+00 	 0.000e+00 
0.60720 	 0.000e+00 	 0.000e+00 	 0.000e+00 
0.61219 	 0.000e+00 	 0.000e+00 	 0.000e+00 
0.61719 	 0.000e+00 	 0.000e+00 	 0.000e+00 
0.62219 	 0.000e+00 	 0.000e+00 	 0.000e+00 
0.62719 	 0.000e+00 	 0.000e+00 	 0.000e+00 
0.63218 	 0.000e+00 	 0.000e+00 	 0.000e+00 
0.63718 	 0.000e+00 	 0.000e+00 	 0.000e+00 
0.64218 	 0.000e+00 	 0.000e+00 	 0.000e+00 
0.64718 	 0.000e+00 	 0.000e+00 	 0.000e+00 
0.65217 	 0.000e+00 	 0.000e+00 	 0.000e+00 
0.65717 	 0.000e+00 	 0.000e+00 	 0.000e+00 
0.66217 	 0.000e+00 	 0.000e+00 	 0.000e+00 
0.66717 	 0.000e+00 	 0.000e+00 	 0.000e+00 
0.67216 	 0.000e+00 	 0.000e+00 	 0.000e+00 
0.67716 	 0.000e+00 	 0.000e+00 	 0.000e+00 
0.68216 	 0.000e+00 	 0.000e+00 	 0.000e+00 
0.68716 	 0.000e+00 	 0.000e+00 	 0.000e+00 
0.69215 	 0.000e+00 	 0.000e+00 	 0.000e+00 
0.69715 	 0.000e+00 	 0.000e+00 	 0.000e+00 
0.70215 	 0.000e+00 	 0.000e+00 	 0.000e+00 
0.70715 	 0.000e+00 	 0.000e+00 	 0.000e+00 
0.71214 	 0.000e+00 	 0.000e+00 	 0.000e+00 
0.71714 	 0.000e+00 	 0.000e+00 	 0.000e+00 
0.72214 	 0.000e+00 	 0.000e+00 	 0.000e+00 
0.72714 	 0.000e+00 	 0.000e+00 	 0.000e+00 
0.73213 	 0.000e+00 	 0.000e+00 	 0.000e+00 
0.73713 	 0.000e+00 	 0.000e+00 	 0.000e+00 
0.74213 	 0.000e+00 	 0.000e+00 	 0.000e+00 
0.74713 	 0.000e+00 	 0.000e+00 	 0.000e+00 
0.75212 	 0.000e+00 	 0.000e+00 	 0.000e+00 
0.75712 	 0.000e+00 	 0.000e+00 	 0.000e+00 
0.76212 	 0.000e+00 	 0.000e+00 	 0.000e+00 
0.76712 	 0.000e+00 	 0.000e+00 	 0.000e+00 
0.77211 	 0.000e+00 	 0.000e+00 	 0.000e+00 
0.77711 	 0.000e+00 	 0.000e+00 	 0.000e+00 
0.78211 	 0.000e+00 	 0.000e+00 	 0.000e+00 
0.78711 	 0.000e+00 	 0.000e+00 	 0.000e+00 
0.79210 	 0.000e+00 	 0.000e+00 	 0.000e+00 
0.79710 	 0.000e+00 	 0.000e+00 	 0.000e+00 
0.80210 	 0.000e+00 	 0.000e+00 	 0.000e+00 
0.80710 	 0.000e+00 	 0.000e+00 	 0.000e+00 
0.81209 	 0.000e+00 	 0.000e+00 	 0.000e+00 
0.81709 	 0.000e+00 	 0.000e+00 	 0.000e+00 
0.82209 	 0.000e+00 	 0.000e+00 	 0.000e+00 
0.82709 	 0.000e+00 	 0.000e+00 	 0.000e+00 
0.83208 	 0.000e+00 	 0.000e+00 	 0.000e+00 
0.83708 	 0.000e+00 	 0.000e+00 	 0.000e+00 
0.84208 	 0.000e+00 	 0.000e+00 	 0.000e+00 
0.84708 	 0.000e+00 	 0.000e+00 	 0.000e+00 
0.85207 	 0.000e+00 	 0.000e+00 	 0.000e+00 
0.85707 	 0.000e+00 	 0.000e+00 	 0.000e+00 
0.86207 	 0.000e+00 	 0.000e+00 	 0.000e+00 
0.86707 	 0.000e+00 	 0.000e+00 	 0.000e+00 
0.87206 	 0.000e+00 	 0.000e+00 	 0.000e+00 
0.87706 	 0.000e+00 	 0.000e+00 	 0.000e+00 
0.88206 	 0.000e+00 	 0.000e+00 	 0.000e+00 
0.88706 	 0.000e+00 	 0.000e+00 	 0.000e+00 
0.89205 	 0.000e+00 	 0.000e+00 	 0.000e+00 
0.89705 	 0.000e+00 	 0.000e+00 	 0.000e+00 
0.90205 	 0.000e+00 	 0.000e+00 	 0.000e+00 
0.90705 	 0.000e+00 	 0.000e+00 	 0.000e+00 
0.91204 	 0.000e+00 	 0.000e+00 	 0.000e+00 
0.91704 	 0.000e+00 	 0.000e+00 	 0.000e+00 
0.92204 	 0.000e+00 	 0.000e+00 	 0.000e+00 
0.92704 	 0.000e+00 	 0.000e+00 	 0.000e+00 
0.93203 	 0.000e+00 	 0.000e+00 	 0.000e+00 
0.93703 	 0.000e+00 	 0.000e+00 	 0.000e+00 
0.94203 	 0.000e+00 	 0.000e+00 	 0.000e+00 
0.94703 	 0.000e+00 	 0.000e+00 	 0.000e+00 
0.95202 	 0.000e+00 	 0.000e+00 	 0.000e+00 
0.95702 	 0.000e+00 	 0.000e+00 	 0.000e+00 
0.96202 	 0.000e+00 	 0.000e+00 	 0.000e+00 
0.96702 	 0.000e+00 	 0.000e+00 	 0.000e+00 
0.97201 	 0.000e+00 	 0.000e+00 	 0.000e+00 
0.97701 	 0.000e+00 	 0.000e+00 	 0.000e+00 
0.98201 	 0.000e+00 	 0.000e+00 	 0.000e+00 
0.98701 	 0.000e+00 	 0.000e+00 	 0.000e+00 
0.99200 	 0.000e+00 	 0.000e+00 	 0.000e+00 
0.99700 	 0.000e+00 	 0.000e+00 	 0.000e+00 
1.00200 	 0.000e+00 	 0.000e+00 	 0.000e+00 
1.00700 	 0.000e+00 	 0.000e+00 	 0.000e+00 
1.01199 	 0.000e+00 	 0.000e+00 	 0.000e+00 
1.01699 	 0.000e+00 	 0.000e+00 	 0.000e+00 
1.02199 	 0.000e+00 	 0.000e+00 	 0.000e+00 
1.02699 	 0.000e+00 	 0.000e+00 	 0.000e+00 
1.03198 	 0.000e+00 	 0.000e+00 	 0.000e+00 
1.03698 	 0.000e+00 	 0.000e+00 	 0.000e+00 
1.04198 	 0.000e+00 	 0.000e+00 	 0.000e+00 
1.04698 	 0.000e+00 	 0.000e+00 	 0.000e+00 
1.05197 	 0.000e+00 	 0.000e+00 	 0.000e+00 
1.05697 	 0.000e+00 	 0.000e+00 	 0.000e+00 
1.06197 	 0.000e+00 	 0.000e+00 	 0.000e+00 
1.06697 	 0.000e+00 	 0.000e+00 	 0.000e+00 
1.07196 	 0.000e+00 	 0.000e+00 	 0.000e+00 
1.07696 	 0.000e+00 	 0.000e+00 	 0.000e+00 
1.08196 	 0.000e+00 	 0.000e+00 	 0.000e+00 
1.08696 	 0.000e+00 	 0.000e+00 	 0.000e+00 
1.09195 	 0.000e+00 	 0.000e+00 	 0.000e+00 
1.09695 	 0.000e+00 	 0.000e+00 	 0.000e+00 
1.10195 	 0.000e+00 	 0.000e+00 	 0.000e+00 
1.10695 	 0.000e+00 	 0.000e+00 	 0.000e+00 
1.11194 	 0.000e+00 	 0.000e+00 	 0.000e+00 
1.11694 	 0.000e+00 	 0.000e+00 	 0.000e+00 
1.12194 	 0.000e+00 	 0.000e+00 	 0.000e+00 
1.12694 	 0.000e+00 	 0.000e+00 	 0.000e+00 
1.13193 	 0.000e+00 	 0.000e+00 	 0.000e+00 
1.13693 	 0.000e+00 	 0.000e+00 	 0.000e+00 
1.14193 	 0.000e+00 	 0.000e+00 	 0.000e+00 
1.14693 	 0.000e+00 	 0.000e+00 	 0.000e+00 
1.15192 	 0.000e+00 	 0.000e+00 	 0.000e+00 
1.15692 	 0.000e+00 	 0.000e+00 	 0.000e+00 
1.16192 	 0.000e+00 	 0.000e+00 	 0.000e+00 
1.16692 	 0.000e+00 	 0.000e+00 	 0.000e+00 
1.17191 	 0.000e+00 	 0.000e+00 	 0.000e+00 
1.17691 	 0.000e+00 	 0.000e+00 	 0.000e+00 
1.18191 	 0.000e+00 	 0.000e+00 	 0.000e+00 
1.18691 	 0.000e+00 	 0.000e+00 	 0.000e+00 
1.19190 	 0.000e+00 	 0.000e+00 	 0.000e+00 
1.19690 	 0.000e+00 	 0.000e+00 	 0.000e+00 
1.20190 	 0.000e+00 	 0.000e+00 	 0.000e+00 
1.20690 	 0.000e+00 	 0.000e+00 	 0.000e+00 
1.21189 	 0.000e+00 	 0.000e+00 	 0.000e+00 
1.21689 	 0.000e+00 	 0.000e+00 	 0.000e+00 
1.22189 	 0.000e+00 	 0.000e+00 	 0.000e+00 
1.22689 	 0.000e+00 	 0.000e+00 	 0.000e+00 
1.23188 	 0.000e+00 	 0.000e+00 	 0.000e+00 
1.23688 	 0.000e+00 	 0.000e+00 	 0.000e+00 
1.24188 	 0.000e+00 	 0.000e+00 	 0.000e+00 
1.24688 	 0.000e+00 	 0.000e+00 	 0.000e+00 
1.25187 	 0.000e+00 	 0.000e+00 	 0.000e+00 
1.25687 	 0.000e+00 	 0.000e+00 	 0.000e+00 
1.26187 	 0.000e+00 	 0.000e+00 	 0.000e+00 
1.26687 	 0.000e+00 	 0.000e+00 	 0.000e+00 
1.27186 	 0.000e+00 	 0.000e+00 	 0.000e+00 
1.27686 	 0.000e+00 	 0.000e+00 	 0.000e+00 
1.28186 	 0.000e+00 	 0.000e+00 	 0.000e+00 
1.28686 	 0.000e+00 	 0.000e+00 	 0.000e+00 
1.29185 	 0.000e+00 	 0.000e+00 	 0.000e+00 
1.29685 	 0.000e+00 	 0.000e+00 	 0.000e+00 
1.30185 	 0.000e+00 	 0.000e+00 	 0.000e+00 
1.30685 	 0.000e+00 	 0.000e+00 	 0.000e+00 
1.31184 	 0.000e+00 	 0.000e+00 	 0.000e+00 
1.31684 	 0.000e+00 	 0.000e+00 	 0.000e+00 
1.32184 	 0.000e+00 	 0.000e+00 	 0.000e+00 
1.32684 	 0.000e+00 	 0.000e+00 	 0.000e+00 
1.33183 	 0.000e+00 	 0.000e+00 	 0.000e+00 
1.33683 	 0.000e+00 	 0.000e+00 	 0.000e+00 
1.34183 	 0.000e+00 	 0.000e+00 	 0.000e+00 
1.34683 	 0.000e+00 	 0.000e+00 	 0.000e+00 
1.35182 	 0.000e+00 	 0.000e+00 	 0.000e+00 
1.35682 	 0.000e+00 	 0.000e+00 	 0.000e+00 
1.36182 	 0.000e+00 	 0.000e+00 	 0.000e+00 
1.36682 	 0.000e+00 	 0.000e+00 	 0.000e+00 
1.37181 	 0.000e+00 	 0.000e+00 	 0.000e+00 
1.37681 	 0.000e+00 	 0.000e+00 	 0.000e+00 
1.38181 	 0.000e+00 	 0.000e+00 	 0.000e+00 
1.38681 	 0.000e+00 	 0.000e+00 	 0.000e+00 
1.39180 	 0.000e+00 	 0.000e+00 	 0.000e+00 
1.39680 	 0.000e+00 	 0.000e+00 	 0.000e+00 
1.40180 	 0.000e+00 	 0.000e+00 	 0.000e+00 
1.40680 	 0.000e+00 	 0.000e+00 	 0.000e+00 
1.41179 	 0.000e+00 	 0.000e+00 	 0.000e+00 
1.41679 	 0.000e+00 	 0.000e+00 	 0.000e+00 
1.42179 	 0.000e+00 	 0.000e+00 	 0.000e+00 
1.42679 	 0.000e+00 	 0.000e+00 	 0.000e+00 
1.43178 	 0.000e+00 	 0.000e+00 	 0.000e+00 
1.43678 	 0.000e+00 	 0.000e+00 	 0.000e+00 
1.44178 	 0.000e+00 	 0.000e+00 	 0.000e+00 
1.44678 	 0.000e+00 	 0.000e+00 	 0.000e+00 
1.45177 	 0.000e+00 	 0.000e+00 	 0.000e+00 
1.45677 	 0.000e+00 	 0.000e+00 	 0.000e+00 
1.46177 	 0.000e+00 	 0.000e+00 	 0.000e+00 
1.46677 	 0.000e+00 	 0.000e+00 	 0.000e+00 
1.47176 	 0.000e+00 	 0.000e+00 	 0.000e+00 
1.47676 	 0.000e+00 	 0.000e+00 	 0.000e+00 
1.48176 	 0.000e+00 	 0.000e+00 	 0.000e+00 
1.48676 	 0.000e+00 	 0.000e+00 	 0.000e+00 
1.49175 	 0.000e+00 	 0.000e+00 	 0.000e+00 
1.49675 	 0.000e+00 	 0.000e+00 	 0.000e+00 
1.50175 	 0.000e+00 	 0.000e+00 	 0.000e+00 
1.50675 	 0.000e+00 	 0.000e+00 	 0.000e+00 
1.51174 	 0.000e+00 	 0.000e+00 	 0.000e+00 
1.51674 	 0.000e+00 	 0.000e+00 	 0.000e+00 
1.52174 	 0.000e+00 	 0.000e+00 	 0.000e+00 
1.52674 	 0.000e+00 	 0.000e+00 	 0.000e+00 
1.53173 	 0.000e+00 	 0.000e+00 	 0.000e+00 
1.53673 	 0.000e+00 	 0.000e+00 	 0.000e+00 
1.54173 	 0.000e+00 	 0.000e+00 	 0.000e+00 
1.54673 	 0.000e+00 	 0.000e+00 	 0.000e+00 
1.55172 	 0.000e+00 	 0.000e+00 	 0.000e+00 
1.55672 	 0.000e+00 	 0.000e+00 	 0.000e+00 
1.56172 	 0.000e+00 	 0.000e+00 	 0.000e+00 
1.56672 	 0.000e+00 	 0.000e+00 	 0.000e+00 
1.57171 	 0.000e+00 	 0.000e+00 	 0.000e+00 
1.57671 	 0.000e+00 	 0.000e+00 	 0.000e+00 
1.58171 	 0.000e+00 	 0.000e+00 	 0.000e+00 
1.58671 	 0.000e+00 	 0.000e+00 	 0.000e+00 
1.59170 	 0.000e+00 	 0.000e+00 	 0.000e+00 
1.59670 	 0.000e+00 	 0.000e+00 	 0.000e+00 
1.60170 	 0.000e+00 	 0.000e+00 	 0.000e+00 
1.60670 	 0.000e+00 	 0.000e+00 	 0.000e+00 
1.61169 	 0.000e+00 	 0.000e+00 	 0.000e+00 
1.61669 	 0.000e+00 	 0.000e+00 	 0.000e+00 
1.62169 	 0.000e+00 	 0.000e+00 	 0.000e+00 
1.62669 	 0.000e+00 	 0.000e+00 	 0.000e+00 
1.63168 	 0.000e+00 	 0.000e+00 	 0.000e+00 
1.63668 	 0.000e+00 	 0.000e+00 	 0.000e+00 
1.64168 	 0.000e+00 	 0.000e+00 	 0.000e+00 
1.64668 	 0.000e+00 	 0.000e+00 	 0.000e+00 
1.65167 	 0.000e+00 	 0.000e+00 	 0.000e+00 
1.65667 	 0.000e+00 	 0.000e+00 	 0.000e+00 
1.66167 	 0.000e+00 	 0.000e+00 	 0.000e+00 
1.66667 	 0.000e+00 	 0.000e+00 	 0.000e+00 
1.67166 	 0.000e+00 	 0.000e+00 	 0.000e+00 
1.67666 	 0.000e+00 	 0.000e+00 	 0.000e+00 
1.68166 	 0.000e+00 	 0.000e+00 	 0.000e+00 
1.68666 	 0.000e+00 	 0.000e+00 	 0.000e+00 
1.69165 	 0.000e+00 	 0.000e+00 	 0.000e+00 
1.69665 	 0.000e+00 	 0.000e+00 	 0.000e+00 
1.70165 	 0.000e+00 	 0.000e+00 	 0.000e+00 
1.70665 	 0.000e+00 	 0.000e+00 	 0.000e+00 
1.71164 	 0.000e+00 	 0.000e+00 	 0.000e+00 
1.71664 	 0.000e+00 	 0.000e+00 	 0.000e+00 
1.72164 	 0.000e+00 	 0.000e+00 	 0.000e+00 
1.72664 	 0.000e+00 	 0.000e+00 	 0.000e+00 
1.73163 	 0.000e+00 	 0.000e+00 	 0.000e+00 
1.73663 	 0.000e+00 	 0.000e+00 	 0.000e+00 
1.74163 	 0.000e+00 	 0.000e+00 	 0.000e+00 
1.74663 	 0.000e+00 	 0.000e+00 	 0.000e+00 
1.75162 	 0.000e+00 	 0.000e+00 	 0.000e+00 
1.75662 	 0.000e+00 	 0.000e+00 	 0.000e+00 
1.76162 	 0.000e+00 	 0.000e+00 	 0.000e+00 
1.76662 	 0.000e+00 	 0.000e+00 	 0.000e+00 
1.77161 	 0.000e+00 	 0.000e+00 	 0.000e+00 
1.77661 	 0.000e+00 	 0.000e+00 	 0.000e+00 
1.78161 	 0.000e+00 	 0.000e+00 	 0.000e+00 
1.78661 	 0.000e+00 	 0.000e+00 	 0.000e+00 
1.79160 	 0.000e+00 	 0.000e+00 	 0.000e+00 
1.79660 	 0.000e+00 	 0.000e+00 	 0.000e+00 
1.80160 	 0.000e+00 	 0.000e+00 	 0.000e+00 
1.80660 	 0.000e+00 	 0.000e+00 	 0.000e+00 
1.81159 	 0.000e+00 	 0.000e+00 	 0.000e+00 
1.81659 	 0.000e+00 	 0.000e+00 	 0.000e+00 
1.82159 	 0.000e+00 	 0.000e+00 	 0.000e+00 
1.82659 	 0.000e+00 	 0.000e+00 	 0.000e+00 
1.83158 	 0.000e+00 	 0.000e+00 	 0.000e+00 
1.83658 	 0.000e+00 	 0.000e+00 	 0.000e+00 
1.84158 	 0.000e+00 	 0.000e+00 	 0.000e+00 
1.84658 	 0.000e+00 	 0.000e+00 	 0.000e+00 
1.85157 	 0.000e+00 	 0.000e+00 	 0.000e+00 
1.85657 	 0.000e+00 	 0.000e+00 	 0.000e+00 
1.86157 	 0.000e+00 	 0.000e+00 	 0.000e+00 
1.86657 	 0.000e+00 	 0.000e+00 	 0.000e+00 
1.87156 	 0.000e+00 	 0.000e+00 	 0.000e+00 
1.87656 	 0.000e+00 	 0.000e+00 	 0.000e+00 
1.88156 	 0.000e+00 	 0.000e+00 	 0.000e+00 
1.88656 	 0.000e+00 	 0.000e+00 	 0.000e+00 
1.89155 	 0.000e+00 	 0.000e+00 	 0.000e+00 
1.89655 	 0.000e+00 	 0.000e+00 	 0.000e+00 
1.90155 	 0.000e+00 	 0.000e+00 	 0.000e+00 
1.90655 	 0.000e+00 	 0.000e+00 	 0.000e+00 
1.91154 	 0.000e+00 	 0.000e+00 	 0.000e+00 
1.91654 	 0.000e+00 	 0.000e+00 	 0.000e+00 
1.92154 	 0.000e+00 	 0.000e+00 	 0.000e+00 
1.92654 	 0.000e+00 	 0.000e+00 	 0.000e+00 
1.93153 	 0.000e+00 	 0.000e+00 	 0.000e+00 
1.93653 	 0.000e+00 	 0.000e+00 	 0.000e+00 
1.94153 	 0.000e+00 	 0.000e+00 	 0.000e+00 
1.94653 	 0.000e+00 	 0.000e+00 	 0.000e+00 
1.95152 	 0.000e+00 	 0.000e+00 	 0.000e+00 
1.95652 	 0.000e+00 	 0.000e+00 	 0.000e+00 
1.96152 	 0.000e+00 	 0.000e+00 	 0.000e+00 
1.96652 	 0.000e+00 	 0.000e+00 	 0.000e+00 
1.97151 	 0.000e+00 	 0.000e+00 	 0.000e+00 
1.97651 	 0.000e+00 	 0.000e+00 	 0.000e+00 
1.98151 	 0.000e+00 	 0.000e+00 	 0.000e+00 
1.98651 	 0.000e+00 	 0.000e+00 	 0.000e+00 
1.99150 	 0.000e+00 	 0.000e+00 	 0.000e+00 
1.99650 	 0.000e+00 	 0.000e+00 	 0.000e+00 
2.00150 	 0.000e+00 	 0.000e+00 	 0.000e+00 
2.00650 	 0.000e+00 	 0.000e+00 	 0.000e+00 
2.01149 	 0.000e+00 	 0.000e+00 	 0.000e+00 
2.01649 	 0.000e+00 	 0.000e+00 	 0.000e+00 
2.02149 	 0.000e+00 	 0.000e+00 	 0.000e+00 
2.02649 	 0.000e+00 	 0.000e+00 	 0.000e+00 
2.03148 	 0.000e+00 	 0.000e+00 	 0.000e+00 
2.03648 	 0.000e+00 	 0.000e+00 	 0.000e+00 
2.04148 	 0.000e+00 	 0.000e+00 	 0.000e+00 
2.04648 	 0.000e+00 	 0.000e+00 	 0.000e+00 
2.05147 	 0.000e+00 	 0.000e+00 	 0.000e+00 
2.05647 	 0.000e+00 	 0.000e+00 	 0.000e+00 
2.06147 	 0.000e+00 	 0.000e+00 	 0.000e+00 
2.06647 	 0.000e+00 	 0.000e+00 	 0.000e+00 
2.07146 	 0.000e+00 	 0.000e+00 	 0.000e+00 
2.07646 	 0.000e+00 	 0.000e+00 	 0.000e+00 
2.08146 	 0.000e+00 	 0.000e+00 	 0.000e+00 
2.08646 	 0.000e+00 	 0.000e+00 	 0.000e+00 
2.09145 	 0.000e+00 	 0.000e+00 	 0.000e+00 
2.09645 	 0.000e+00 	 0.000e+00 	 0.000e+00 
2.10145 	 0.000e+00 	 0.000e+00 	 0.000e+00 
2.10645 	 0.000e+00 	 0.000e+00 	 0.000e+00 
2.11144 	 0.000e+00 	 0.000e+00 	 0.000e+00 
2.11644 	 0.000e+00 	 0.000e+00 	 0.000e+00 
2.12144 	 0.000e+00 	 0.000e+00 	 0.000e+00 
2.12644 	 0.000e+00 	 0.000e+00 	 0.000e+00 
2.13143 	 0.000e+00 	 0.000e+00 	 0.000e+00 
2.13643 	 0.000e+00 	 0.000e+00 	 0.000e+00 
2.14143 	 0.000e+00 	 0.000e+00 	 0.000e+00 
2.14643 	 0.000e+00 	 0.000e+00 	 0.000e+00 
2.15142 	 0.000e+00 	 0.000e+00 	 0.000e+00 
2.15642 	 0.000e+00 	 0.000e+00 	 0.000e+00 
2.16142 	 0.000e+00 	 0.000e+00 	 0.000e+00 
2.16642 	 0.000e+00 	 0.000e+00 	 0.000e+00 
2.17141 	 0.000e+00 	 0.000e+00 	 0.000e+00 
2.17641 	 0.000e+00 	 0.000e+00 	 0.000e+00 
2.18141 	 0.000e+00 	 0.000e+00 	 0.000e+00 
2.18641 	 0.000e+00 	 0.000e+00 	 0.000e+00 
2.19140 	 0.000e+00 	 0.000e+00 	 0.000e+00 
2.19640 	 0.000e+00 	 0.000e+00 	 0.000e+00 
2.20140 	 0.000e+00 	 0.000e+00 	 0.000e+00 
2.20640 	 0.000e+00 	 0.000e+00 	 0.000e+00 
2.21139 	 0.000e+00 	 0.000e+00 	 0.000e+00 
2.21639 	 0.000e+00 	 0.000e+00 	 0.000e+00 
2.22139 	 0.000e+00 	 0.000e+00 	 0.000e+00 
2.22639 	 0.000e+00 	 0.000e+00 	 0.000e+00 
2.23138 	 0.000e+00 	 0.000e+00 	 0.000e+00 
2.23638 	 0.000e+00 	 0.000e+00 	 0.000e+00 
2.24138 	 0.000e+00 	 0.000e+00 	 0.000e+00 
2.24638 	 0.000e+00 	 0.000e+00 	 0.000e+00 
2.25137 	 0.000e+00 	 0.000e+00 	 0.000e+00 
2.25637 	 0.000e+00 	 0.000e+00 	 0.000e+00 
2.26137 	 0.000e+00 	 0.000e+00 	 0.000e+00 
2.26637 	 0.000e+00 	 0.000e+00 	 0.000e+00 
2.27136 	 0.000e+00 	 0.000e+00 	 0.000e+00 
2.27636 	 0.000e+00 	 0.000e+00 	 0.000e+00 
2.28136 	 0.000e+00 	 0.000e+00 	 0.000e+00 
2.28636 	 0.000e+00 	 0.000e+00 	 0.000e+00 
2.29135 	 0.000e+00 	 0.000e+00 	 0.000e+00 
2.29635 	 0.000e+00 	 0.000e+00 	 0.000e+00 
2.30135 	 0.000e+00 	 0.000e+00 	 0.000e+00 
2.30635 	 0.000e+00 	 0.000e+00 	 0.000e+00 
2.31134 	 0.000e+00 	 0.000e+00 	 0.000e+00 
2.31634 	 0.000e+00 	 0.000e+00 	 0.000e+00 
2.32134 	 0.000e+00 	 0.000e+00 	 0.000e+00 
2.32634 	 0.000e+00 	 0.000e+00 	 0.000e+00 
2.33133 	 0.000e+00 	 0.000e+00 	 0.000e+00 
2.33633 	 0.000e+00 	 0.000e+00 	 0.000e+00 
2.34133 	 0.000e+00 	 0.000e+00 	 0.000e+00 
2.34633 	 0.000e+00 	 0.000e+00 	 0.000e+00 
2.35132 	 0.000e+00 	 0.000e+00 	 0.000e+00 
2.35632 	 0.000e+00 	 0.000e+00 	 0.000e+00 
2.36132 	 0.000e+00 	 0.000e+00 	 0.000e+00 
2.36632 	 0.000e+00 	 0.000e+00 	 0.000e+00 
2.37131 	 0.000e+00 	 0.000e+00 	 0.000e+00 
2.37631 	 0.000e+00 	 0.000e+00 	 0.000e+00 
2.38131 	 0.000e+00 	 0.000e+00 	 0.000e+00 
2.38631 	 0.000e+00 	 0.000e+00 	 0.000e+00 
2.39130 	 0.000e+00 	 0.000e+00 	 0.000e+00 
2.39630 	 0.000e+00 	 0.000e+00 	 0.000e+00 
2.40130 	 0.000e+00 	 0.000e+00 	 0.000e+00 
2.40630 	 0.000e+00 	 0.000e+00 	 0.000e+00 
2.41129 	 0.000e+00 	 0.000e+00 	 0.000e+00 
2.41629 	 0.000e+00 	 0.000e+00 	 0.000e+00 
2.42129 	 0.000e+00 	 0.000e+00 	 0.000e+00 
2.42629 	 0.000e+00 	 0.000e+00 	 0.000e+00 
2.43128 	 0.000e+00 	 0.000e+00 	 0.000e+00 
2.43628 	 0.000e+00 	 0.000e+00 	 0.000e+00 
2.44128 	 0.000e+00 	 0.000e+00 	 0.000e+00 
2.44628 	 0.000e+00 	 0.000e+00 	 0.000e+00 
2.45127 	 0.000e+00 	 0.000e+00 	 0.000e+00 
2.45627 	 0.000e+00 	 0.000e+00 	 0.000e+00 
2.46127 	 0.000e+00 	 0.000e+00 	 0.000e+00 
2.46627 	 0.000e+00 	 0.000e+00 	 0.000e+00 
2.47126 	 0.000e+00 	 0.000e+00 	 0.000e+00 
2.47626 	 0.000e+00 	 0.000e+00 	 0.000e+00 
2.48126 	 0.000e+00 	 0.000e+00 	 0.000e+00 
2.48626 	 0.000e+00 	 0.000e+00 	 0.000e+00 
2.49125 	 0.000e+00 	 0.000e+00 	 0.000e+00 
2.49625 	 0.000e+00 	 0.000e+00 	 0.000e+00 
2.50125 	 0.000e+00 	 0.000e+00 	 0.000e+00 
2.50625 	 0.000e+00 	 0.000e+00 	 0.000e+00 
2.51124 	 0.000e+00 	 0.000e+00 	 0.000e+00 
2.51624 	 0.000e+00 	 0.000e+00 	 0.000e+00 
2.52124 	 0.000e+00 	 0.000e+00 	 0.000e+00 
2.52624 	 0.000e+00 	 0.000e+00 	 0.000e+00 
2.53123 	 0.000e+00 	 0.000e+00 	 0.000e+00 
2.53623 	 0.000e+00 	 0.000e+00 	 0.000e+00 
2.54123 	 0.000e+00 	 0.000e+00 	 0.000e+00 
2.54623 	 0.000e+00 	 0.000e+00 	 0.000e+00 
2.55122 	 0.000e+00 	 0.000e+00 	 0.000e+00 
2.55622 	 0.000e+00 	 0.000e+00 	 0.000e+00 
2.56122 	 0.000e+00 	 0.000e+00 	 0.000e+00 
2.56622 	 0.000e+00 	 0.000e+00 	 0.000e+00 
2.57121 	 0.000e+00 	 0.000e+00 	 0.000e+00 
2.57621 	 0.000e+00 	 0.000e+00 	 0.000e+00 
2.58121 	 0.000e+00 	 0.000e+00 	 0.000e+00 
2.58621 	 0.000e+00 	 0.000e+00 	 0.000e+00 
2.59120 	 0.000e+00 	 0.000e+00 	 0.000e+00 
2.59620 	 0.000e+00 	 0.000e+00 	 0.000e+00 
2.60120 	 0.000e+00 	 0.000e+00 	 0.000e+00 
2.60620 	 0.000e+00 	 0.000e+00 	 0.000e+00 
2.61119 	 0.000e+00 	 0.000e+00 	 0.000e+00 
2.61619 	 0.000e+00 	 0.000e+00 	 0.000e+00 
2.62119 	 0.000e+00 	 0.000e+00 	 0.000e+00 
2.62619 	 0.000e+00 	 0.000e+00 	 0.000e+00 
2.63118 	 0.000e+00 	 0.000e+00 	 0.000e+00 
2.63618 	 0.000e+00 	 0.000e+00 	 0.000e+00 
2.64118 	 0.000e+00 	 0.000e+00 	 0.000e+00 
2.64618 	 0.000e+00 	 0.000e+00 	 0.000e+00 
2.65117 	 0.000e+00 	 0.000e+00 	 0.000e+00 
2.65617 	 0.000e+00 	 0.000e+00 	 0.000e+00 
2.66117 	 0.000e+00 	 0.000e+00 	 0.000e+00 
2.66617 	 0.000e+00 	 0.000e+00 	 0.000e+00 
2.67116 	 0.000e+00 	 0.000e+00 	 0.000e+00 
2.67616 	 0.000e+00 	 0.000e+00 	 0.000e+00 
2.68116 	 0.000e+00 	 0.000e+00 	 0.000e+00 
2.68616 	 0.000e+00 	 0.000e+00 	 0.000e+00 
2.69115 	 0.000e+00 	 0.000e+00 	 0.000e+00 
2.69615 	 0.000e+00 	 0.000e+00 	 0.000e+00 
2.70115 	 0.000e+00 	 0.000e+00 	 0.000e+00 
2.70615 	 0.000e+00 	 0.000e+00 	 0.000e+00 
2.71114 	 0.000e+00 	 0.000e+00 	 0.000e+00 
2.71614 	 0.000e+00 	 0.000e+00 	 0.000e+00 
2.72114 	 0.000e+00 	 0.000e+00 	 0.000e+00 
2.72614 	 0.000e+00 	 0.000e+00 	 0.000e+00 
2.73113 	 0.000e+00 	 0.000e+00 	 0.000e+00 
2.73613 	 0.000e+00 	 0.000e+00 	 0.000e+00 
2.74113 	 0.000e+00 	 0.000e+00 	 0.000e+00 
2.74613 	 0.000e+00 	 0.000e+00 	 0.000e+00 
2.75112 	 0.000e+00 	 0.000e+00 	 0.000e+00 
2.75612 	 0.000e+00 	 0.000e+00 	 0.000e+00 
2.76112 	 0.000e+00 	 0.000e+00 	 0.000e+00 
2.76612 	 0.000e+00 	 0.000e+00 	 0.000e+00 
2.77111 	 0.000e+00 	 0.000e+00 	 0.000e+00 
2.77611 	 0.000e+00 	 0.000e+00 	 0.000e+00 
2.78111 	 0.000e+00 	 0.000e+00 	 0.000e+00 
2.78611 	 0.000e+00 	 0.000e+00 	 0.000e+00 
2.79110 	 0.000e+00 	 0.000e+00 	 0.000e+00 
2.79610 	 0.000e+00 	 0.000e+00 	 0.000e+00 
2.80110 	 0.000e+00 	 0.000e+00 	 0.000e+00 
2.80610 	 0.000e+00 	 0.000e+00 	 0.000e+00 
2.81109 	 0.000e+00 	 0.000e+00 	 0.000e+00 
2.81609 	 0.000e+00 	 0.000e+00 	 0.000e+00 
2.82109 	 0.000e+00 	 0.000e+00 	 0.000e+00 
2.82609 	 0.000e+00 	 0.000e+00 	 0.000e+00 
2.83108 	 0.000e+00 	 0.000e+00 	 0.000e+00 
2.83608 	 0.000e+00 	 0.000e+00 	 0.000e+00 
2.84108 	 0.000e+00 	 0.000e+00 	 0.000e+00 
2.84608 	 0.000e+00 	 0.000e+00 	 0.000e+00 
2.85107 	 0.000e+00 	 0.000e+00 	 0.000e+00 
2.85607 	 0.000e+00 	 0.000e+00 	 0.000e+00 
2.86107 	 0.000e+00 	 0.000e+00 	 0.000e+00 
2.86607 	 0.000e+00 	 0.000e+00 	 0.000e+00 
2.87106 	 0.000e+00 	 0.000e+00 	 0.000e+00 
2.87606 	 0.000e+00 	 0.000e+00 	 0.000e+00 
2.88106 	 0.000e+00 	 0.000e+00 	 0.000e+00 
2.88606 	 0.000e+00 	 0.000e+00 	 0.000e+00 
2.89105 	 0.000e+00 	 0.000e+00 	 0.000e+00 
2.89605 	 0.000e+00 	 0.000e+00 	 0.000e+00 
2.90105 	 0.000e+00 	 0.000e+00 	 0.000e+00 
2.90605 	 0.000e+00 	 0.000e+00 	 0.000e+00 
2.91104 	 0.000e+00 	 0.000e+00 	 0.000e+00 
2.91604 	 0.000e+00 	 0.000e+00 	 0.000e+00 
2.92104 	 0.000e+00 	 0.000e+00 	 0.000e+00 
2.92604 	 0.000e+00 	 0.000e+00 	 0.000e+00 
2.93103 	 0.000e+00 	 0.000e+00 	 0.000e+00 
2.93603 	 0.000e+00 	 0.000e+00 	 0.000e+00 
2.94103 	 0.000e+00 	 0.000e+00 	 0.000e+00 
2.94603 	 0.000e+00 	 0.000e+00 	 0.000e+00 
2.95102 	 0.000e+00 	 0.000e+00 	 0.000e+00 
2.95602 	 0.000e+00 	 0.000e+00 	 0.000e+00 
2.96102 	 0.000e+00 	 0.000e+00 	 0.000e+00 
2.96602 	 0.000e+00 	 0.000e+00 	 0.000e+00 
2.97101 	 0.000e+00 	 0.000e+00 	 0.000e+00 
2.97601 	 0.000e+00 	 0.000e+00 	 0.000e+00 
2.98101 	 0.000e+00 	 0.000e+00 	 0.000e+00 
2.98601 	 0.000e+00 	 0.000e+00 	 0.000e+00 
2.99100 	 0.000e+00 	 0.000e+00 	 0.000e+00 
2.99600 	 0.000e+00 	 0.000e+00 	 0.000e+00 
3.00100 	 0.000e+00 	 0.000e+00 	 0.000e+00 
3.00600 	 0.000e+00 	 0.000e+00 	 0.000e+00 
3.01099 	 0.000e+00 	 0.000e+00 	 0.000e+00 
3.01599 	 0.000e+00 	 0.000e+00 	 0.000e+00 
3.02099 	 0.000e+00 	 0.000e+00 	 0.000e+00 
3.02599 	 0.000e+00 	 0.000e+00 	 0.000e+00 
3.03098 	 0.000e+00 	 0.000e+00 	 0.000e+00 
3.03598 	 0.000e+00 	 0.000e+00 	 0.000e+00 
3.04098 	 0.000e+00 	 0.000e+00 	 0.000e+00 
3.04598 	 0.000e+00 	 0.000e+00 	 0.000e+00 
3.05097 	 0.000e+00 	 0.000e+00 	 0.000e+00 
3.05597 	 0.000e+00 	 0.000e+00 	 0.000e+00 
3.06097 	 0.000e+00 	 0.000e+00 	 0.000e+00 
3.06597 	 0.000e+00 	 0.000e+00 	 0.000e+00 
3.07096 	 0.000e+00 	 0.000e+00 	 0.000e+00 
3.07596 	 0.000e+00 	 0.000e+00 	 0.000e+00 
3.08096 	 0.000e+00 	 0.000e+00 	 0.000e+00 
3.08596 	 0.000e+00 	 0.000e+00 	 0.000e+00 
3.09095 	 0.000e+00 	 0.000e+00 	 0.000e+00 
3.09595 	 0.000e+00 	 0.000e+00 	 0.000e+00 
3.10095 	 0.000e+00 	 0.000e+00 	 0.000e+00 
3.10595 	 0.000e+00 	 0.000e+00 	 0.000e+00 
3.11094 	 0.000e+00 	 0.000e+00 	 0.000e+00 
3.11594 	 0.000e+00 	 0.000e+00 	 0.000e+00 
3.12094 	 0.000e+00 	 0.000e+00 	 0.000e+00 
3.12594 	 0.000e+00 	 0.000e+00 	 0.000e+00 
3.13093 	 0.000e+00 	 0.000e+00 	 0.000e+00 
3.13593 	 0.000e+00 	 0.000e+00 	 0.000e+00 
3.14093 	 0.000e+00 	 0.000e+00 	 0.000e+00 
3.14593 	 0.000e+00 	 0.000e+00 	 0.000e+00 
3.15092 	 0.000e+00 	 0.000e+00 	 0.000e+00 
3.15592 	 0.000e+00 	 0.000e+00 	 0.000e+00 
3.16092 	 0.000e+00 	 0.000e+00 	 0.000e+00 
3.16592 	 0.000e+00 	 0.000e+00 	 0.000e+00 
3.17091 	 0.000e+00 	 0.000e+00 	 0.000e+00 
3.17591 	 0.000e+00 	 0.000e+00 	 0.000e+00 
3.18091 	 0.000e+00 	 0.000e+00 	 0.000e+00 
3.18591 	 0.000e+00 	 0.000e+00 	 0.000e+00 
3.19090 	 0.000e+00 	 0.000e+00 	 0.000e+00 
3.19590 	 0.000e+00 	 0.000e+00 	 0.000e+00 
3.20090 	 0.000e+00 	 0.000e+00 	 0.000e+00 
3.20590 	 0.000e+00 	 0.000e+00 	 0.000e+00 
3.21089 	 0.000e+00 	 0.000e+00 	 0.000e+00 
3.21589 	 0.000e+00 	 0.000e+00 	 0.000e+00 
3.22089 	 0.000e+00 	 0.000e+00 	 0.000e+00 
3.22589 	 0.000e+00 	 0.000e+00 	 0.000e+00 
3.23088 	 0.000e+00 	 0.000e+00 	 0.000e+00 
3.23588 	 0.000e+00 	 0.000e+00 	 0.000e+00 
3.24088 	 0.000e+00 	 0.000e+00 	 0.000e+00 
3.24588 	 0.000e+00 	 0.000e+00 	 0.000e+00 
3.25087 	 0.000e+00 	 0.000e+00 	 0.000e+00 
3.25587 	 0.000e+00 	 0.000e+00 	 0.000e+00 
3.26087 	 0.000e+00 	 0.000e+00 	 0.000e+00 
3.26587 	 0.000e+00 	 0.000e+00 	 0.000e+00 
3.27086 	 0.000e+00 	 0.000e+00 	 0.000e+00 
3.27586 	 0.000e+00 	 0.000e+00 	 0.000e+00 
3.28086 	 0.000e+00 	 0.000e+00 	 0.000e+00 
3.28586 	 0.000e+00 	 0.000e+00 	 0.000e+00 
3.29085 	 0.000e+00 	 0.000e+00 	 0.000e+00 
3.29585 	 0.000e+00 	 0.000e+00 	 0.000e+00 
3.30085 	 0.000e+00 	 0.000e+00 	 0.000e+00 
3.30585 	 0.000e+00 	 0.000e+00 	 0.000e+00 
3.31084 	 0.000e+00 	 0.000e+00 	 0.000e+00 
3.31584 	 0.000e+00 	 0.000e+00 	 0.000e+00 
3.32084 	 0.000e+00 	 0.000e+00 	 0.000e+00 
3.32584 	 0.000e+00 	 0.000e+00 	 0.000e+00 
3.33083 	 0.000e+00 	 0.000e+00 	 0.000e+00 
3.33583 	 0.000e+00 	 0.000e+00 	 0.000e+00 
3.34083 	 0.000e+00 	 0.000e+00 	 0.000e+00 
3.34583 	 0.000e+00 	 0.000e+00 	 0.000e+00 
3.35082 	 0.000e+00 	 0.000e+00 	 0.000e+00 
3.35582 	 0.000e+00 	 0.000e+00 	 0.000e+00 
3.36082 	 0.000e+00 	 0.000e+00 	 0.000e+00 
3.36582 	 0.000e+00 	 0.000e+00 	 0.000e+00 
3.37081 	 0.000e+00 	 0.000e+00 	 0.000e+00 
3.37581 	 0.000e+00 	 0.000e+00 	 0.000e+00 
3.38081 	 0.000e+00 	 0.000e+00 	 0.000e+00 
3.38581 	 0.000e+00 	 0.000e+00 	 0.000e+00 
3.39080 	 0.000e+00 	 0.000e+00 	 0.000e+00 
3.39580 	 0.000e+00 	 0.000e+00 	 0.000e+00 
3.40080 	 0.000e+00 	 0.000e+00 	 0.000e+00 
3.40580 	 0.000e+00 	 0.000e+00 	 0.000e+00 
3.41079 	 0.000e+00 	 0.000e+00 	 0.000e+00 
3.41579 	 0.000e+00 	 0.000e+00 	 0.000e+00 
3.42079 	 0.000e+00 	 0.000e+00 	 0.000e+00 
3.42579 	 0.000e+00 	 0.000e+00 	 0.000e+00 
3.43078 	 0.000e+00 	 0.000e+00 	 0.000e+00 
3.43578 	 0.000e+00 	 0.000e+00 	 0.000e+00 
3.44078 	 0.000e+00 	 0.000e+00 	 0.000e+00 
3.44578 	 0.000e+00 	 0.000e+00 	 0.000e+00 
3.45077 	 0.000e+00 	 0.000e+00 	 0.000e+00 
3.45577 	 0.000e+00 	 0.000e+00 	 0.000e+00 
3.46077 	 0.000e+00 	 0.000e+00 	 0.000e+00 
3.46577 	 0.000e+00 	 0.000e+00 	 0.000e+00 
3.47076 	 0.000e+00 	 0.000e+00 	 0.000e+00 
3.47576 	 0.000e+00 	 0.000e+00 	 0.000e+00 
3.48076 	 0.000e+00 	 0.000e+00 	 0.000e+00 
3.48576 	 0.000e+00 	 0.000e+00 	 0.000e+00 
3.49075 	 0.000e+00 	 0.000e+00 	 0.000e+00 
3.49575 	 0.000e+00 	 0.000e+00 	 0.000e+00 
3.50075 	 0.000e+00 	 0.000e+00 	 0.000e+00 
3.50575 	 0.000e+00 	 0.000e+00 	 0.000e+00 
3.51074 	 0.000e+00 	 0.000e+00 	 0.000e+00 
3.51574 	 0.000e+00 	 0.000e+00 	 0.000e+00 
3.52074 	 0.000e+00 	 0.000e+00 	 0.000e+00 
3.52574 	 0.000e+00 	 0.000e+00 	 0.000e+00 
3.53073 	 0.000e+00 	 0.000e+00 	 0.000e+00 
3.53573 	 0.000e+00 	 0.000e+00 	 0.000e+00 
3.54073 	 0.000e+00 	 0.000e+00 	 0.000e+00 
3.54573 	 0.000e+00 	 0.000e+00 	 0.000e+00 
3.55072 	 0.000e+00 	 0.000e+00 	 0.000e+00 
3.55572 	 0.000e+00 	 0.000e+00 	 0.000e+00 
3.56072 	 0.000e+00 	 0.000e+00 	 0.000e+00 
3.56572 	 0.000e+00 	 0.000e+00 	 0.000e+00 
3.57071 	 0.000e+00 	 0.000e+00 	 0.000e+00 
3.57571 	 0.000e+00 	 0.000e+00 	 0.000e+00 
3.58071 	 0.000e+00 	 0.000e+00 	 0.000e+00 
3.58571 	 0.000e+00 	 0.000e+00 	 0.000e+00 
3.59070 	 0.000e+00 	 0.000e+00 	 0.000e+00 
3.59570 	 0.000e+00 	 0.000e+00 	 0.000e+00 
3.60070 	 0.000e+00 	 0.000e+00 	 0.000e+00 
3.60570 	 0.000e+00 	 0.000e+00 	 0.000e+00 
3.61069 	 0.000e+00 	 0.000e+00 	 0.000e+00 
3.61569 	 0.000e+00 	 0.000e+00 	 0.000e+00 
3.62069 	 0.000e+00 	 0.000e+00 	 0.000e+00 
3.62569 	 0.000e+00 	 0.000e+00 	 0.000e+00 
3.63068 	 0.000e+00 	 0.000e+00 	 0.000e+00 
3.63568 	 0.000e+00 	 0.000e+00 	 0.000e+00 
3.64068 	 0.000e+00 	 0.000e+00 	 0.000e+00 
3.64568 	 0.000e+00 	 0.000e+00 	 0.000e+00 
3.65067 	 0.000e+00 	 0.000e+00 	 0.000e+00 
3.65567 	 0.000e+00 	 0.000e+00 	 0.000e+00 
3.66067 	 0.000e+00 	 0.000e+00 	 0.000e+00 
3.66567 	 0.000e+00 	 0.000e+00 	 0.000e+00 
3.67066 	 0.000e+00 	 0.000e+00 	 0.000e+00 
3.67566 	 0.000e+00 	 0.000e+00 	 0.000e+00 
3.68066 	 0.000e+00 	 0.000e+00 	 0.000e+00 
3.68566 	 0.000e+00 	 0.000e+00 	 0.000e+00 
3.69065 	 0.000e+00 	 0.000e+00 	 0.000e+00 
3.69565 	 0.000e+00 	 0.000e+00 	 0.000e+00 
3.70065 	 0.000e+00 	 0.000e+00 	 0.000e+00 
3.70565 	 0.000e+00 	 0.000e+00 	 0.000e+00 
3.71064 	 0.000e+00 	 0.000e+00 	 0.000e+00 
3.71564 	 0.000e+00 	 0.000e+00 	 0.000e+00 
3.72064 	 0.000e+00 	 0.000e+00 	 0.000e+00 
3.72564 	 0.000e+00 	 0.000e+00 	 0.000e+00 
3.73063 	 0.000e+00 	 0.000e+00 	 0.000e+00 
3.73563 	 0.000e+00 	 0.000e+00 	 0.000e+00 
3.74063 	 0.000e+00 	 0.000e+00 	 0.000e+00 
3.74563 	 0.000e+00 	 0.000e+00 	 0.000e+00 
3.75062 	 0.000e+00 	 0.000e+00 	 0.000e+00 
3.75562 	 0.000e+00 	 0.000e+00 	 0.000e+00 
3.76062 	 0.000e+00 	 0.000e+00 	 0.000e+00 
3.76562 	 0.000e+00 	 0.000e+00 	 0.000e+00 
3.77061 	 0.000e+00 	 0.000e+00 	 0.000e+00 
3.77561 	 0.000e+00 	 0.000e+00 	 0.000e+00 
3.78061 	 0.000e+00 	 0.000e+00 	 0.000e+00 
3.78561 	 0.000e+00 	 0.000e+00 	 0.000e+00 
3.79060 	 0.000e+00 	 0.000e+00 	 0.000e+00 
3.79560 	 0.000e+00 	 0.000e+00 	 0.000e+00 
3.80060 	 0.000e+00 	 0.000e+00 	 0.000e+00 
3.80560 	 0.000e+00 	 0.000e+00 	 0.000e+00 
3.81059 	 0.000e+00 	 0.000e+00 	 0.000e+00 
3.81559 	 0.000e+00 	 0.000e+00 	 0.000e+00 
3.82059 	 0.000e+00 	 0.000e+00 	 0.000e+00 
3.82559 	 0.000e+00 	 0.000e+00 	 0.000e+00 
3.83058 	 0.000e+00 	 0.000e+00 	 0.000e+00 
3.83558 	 0.000e+00 	 0.000e+00 	 0.000e+00 
3.84058 	 0.000e+00 	 0.000e+00 	 0.000e+00 
3.84558 	 0.000e+00 	 0.000e+00 	 0.000e+00 
3.85057 	 0.000e+00 	 0.000e+00 	 0.000e+00 
3.85557 	 0.000e+00 	 0.000e+00 	 0.000e+00 
3.86057 	 0.000e+00 	 0.000e+00 	 0.000e+00 
3.86557 	 0.000e+00 	 0.000e+00 	 0.000e+00 
3.87056 	 0.000e+00 	 0.000e+00 	 0.000e+00 
3.87556 	 0.000e+00 	 0.000e+00 	 0.000e+00 
3.88056 	 0.000e+00 	 0.000e+00 	 0.000e+00 
3.88556 	 0.000e+00 	 0.000e+00 	 0.000e+00 
3.89055 	 0.000e+00 	 0.000e+00 	 0.000e+00 
3.89555 	 0.000e+00 	 0.000e+00 	 0.000e+00 
3.90055 	 0.000e+00 	 0.000e+00 	 0.000e+00 
3.90555 	 0.000e+00 	 0.000e+00 	 0.000e+00 
3.91054 	 0.000e+00 	 0.000e+00 	 0.000e+00 
3.91554 	 0.000e+00 	 0.000e+00 	 0.000e+00 
3.92054 	 0.000e+00 	 0.000e+00 	 0.000e+00 
3.92554 	 0.000e+00 	 0.000e+00 	 0.000e+00 
3.93053 	 0.000e+00 	 0.000e+00 	 0.000e+00 
3.93553 	 0.000e+00 	 0.000e+00 	 0.000e+00 
3.94053 	 0.000e+00 	 0.000e+00 	 0.000e+00 
3.94553 	 0.000e+00 	 0.000e+00 	 0.000e+00 
3.95052 	 0.000e+00 	 0.000e+00 	 0.000e+00 
3.95552 	 0.000e+00 	 0.000e+00 	 0.000e+00 
3.96052 	 0.000e+00 	 0.000e+00 	 0.000e+00 
3.96552 	 0.000e+00 	 0.000e+00 	 0.000e+00 
3.97051 	 0.000e+00 	 0.000e+00 	 0.000e+00 
3.97551 	 0.000e+00 	 0.000e+00 	 0.000e+00 
3.98051 	 0.000e+00 	 0.000e+00 	 0.000e+00 
3.98551 	 0.000e+00 	 0.000e+00 	 0.000e+00 
3.99050 	 0.000e+00 	 0.000e+00 	 0.000e+00 
3.99550 	 0.000e+00 	 0.000e+00 	 0.000e+00 
4.00050 	 0.000e+00 	 0.000e+00 	 0.000e+00 
4.00550 	 0.000e+00 	 0.000e+00 	 0.000e+00 
4.01049 	 0.000e+00 	 0.000e+00 	 0.000e+00 
4.01549 	 0.000e+00 	 0.000e+00 	 0.000e+00 
4.02049 	 0.000e+00 	 0.000e+00 	 0.000e+00 
4.02549 	 0.000e+00 	 0.000e+00 	 0.000e+00 
4.03048 	 0.000e+00 	 0.000e+00 	 0.000e+00 
4.03548 	 0.000e+00 	 0.000e+00 	 0.000e+00 
4.04048 	 0.000e+00 	 0.000e+00 	 0.000e+00 
4.04548 	 0.000e+00 	 0.000e+00 	 0.000e+00 
4.05047 	 0.000e+00 	 0.000e+00 	 0.000e+00 
4.05547 	 0.000e+00 	 0.000e+00 	 0.000e+00 
4.06047 	 0.000e+00 	 0.000e+00 	 0.000e+00 
4.06547 	 0.000e+00 	 0.000e+00 	 0.000e+00 
4.07046 	 0.000e+00 	 0.000e+00 	 0.000e+00 
4.07546 	 0.000e+00 	 0.000e+00 	 0.000e+00 
4.08046 	 0.000e+00 	 0.000e+00 	 0.000e+00 
4.08546 	 0.000e+00 	 0.000e+00 	 0.000e+00 
4.09045 	 0.000e+00 	 0.000e+00 	 0.000e+00 
4.09545 	 0.000e+00 	 0.000e+00 	 0.000e+00 
4.10045 	 0.000e+00 	 0.000e+00 	 0.000e+00 
4.10545 	 0.000e+00 	 0.000e+00 	 0.000e+00 
4.11044 	 0.000e+00 	 0.000e+00 	 0.000e+00 
4.11544 	 0.000e+00 	 0.000e+00 	 0.000e+00 
4.12044 	 0.000e+00 	 0.000e+00 	 0.000e+00 
4.12544 	 0.000e+00 	 0.000e+00 	 0.000e+00 
4.13043 	 0.000e+00 	 0.000e+00 	 0.000e+00 
4.13543 	 0.000e+00 	 0.000e+00 	 0.000e+00 
4.14043 	 0.000e+00 	 0.000e+00 	 0.000e+00 
4.14543 	 0.000e+00 	 0.000e+00 	 0.000e+00 
4.15042 	 0.000e+00 	 0.000e+00 	 0.000e+00 
4.15542 	 0.000e+00 	 0.000e+00 	 0.000e+00 
4.16042 	 0.000e+00 	 0.000e+00 	 0.000e+00 
4.16542 	 0.000e+00 	 0.000e+00 	 0.000e+00 
4.17041 	 0.000e+00 	 0.000e+00 	 0.000e+00 
4.17541 	 0.000e+00 	 0.000e+00 	 0.000e+00 
4.18041 	 0.000e+00 	 0.000e+00 	 0.000e+00 
4.18541 	 0.000e+00 	 0.000e+00 	 0.000e+00 
4.19040 	 0.000e+00 	 0.000e+00 	 0.000e+00 
4.19540 	 0.000e+00 	 0.000e+00 	 0.000e+00 
4.20040 	 0.000e+00 	 0.000e+00 	 0.000e+00 
4.20540 	 0.000e+00 	 0.000e+00 	 0.000e+00 
4.21039 	 0.000e+00 	 0.000e+00 	 0.000e+00 
4.21539 	 0.000e+00 	 0.000e+00 	 0.000e+00 
4.22039 	 0.000e+00 	 0.000e+00 	 0.000e+00 
4.22539 	 0.000e+00 	 0.000e+00 	 0.000e+00 
4.23038 	 0.000e+00 	 0.000e+00 	 0.000e+00 
4.23538 	 0.000e+00 	 0.000e+00 	 0.000e+00 
4.24038 	 0.000e+00 	 0.000e+00 	 0.000e+00 
4.24538 	 0.000e+00 	 0.000e+00 	 0.000e+00 
4.25037 	 0.000e+00 	 0.000e+00 	 0.000e+00 
4.25537 	 0.000e+00 	 0.000e+00 	 0.000e+00 
4.26037 	 0.000e+00 	 0.000e+00 	 0.000e+00 
4.26537 	 0.000e+00 	 0.000e+00 	 0.000e+00 
4.27036 	 0.000e+00 	 0.000e+00 	 0.000e+00 
4.27536 	 0.000e+00 	 0.000e+00 	 0.000e+00 
4.28036 	 0.000e+00 	 0.000e+00 	 0.000e+00 
4.28536 	 0.000e+00 	 0.000e+00 	 0.000e+00 
4.29035 	 0.000e+00 	 0.000e+00 	 0.000e+00 
4.29535 	 0.000e+00 	 0.000e+00 	 0.000e+00 
4.30035 	 0.000e+00 	 0.000e+00 	 0.000e+00 
4.30535 	 0.000e+00 	 0.000e+00 	 0.000e+00 
4.31034 	 0.000e+00 	 0.000e+00 	 0.000e+00 
4.31534 	 0.000e+00 	 0.000e+00 	 0.000e+00 
4.32034 	 0.000e+00 	 0.000e+00 	 0.000e+00 
4.32534 	 0.000e+00 	 0.000e+00 	 0.000e+00 
4.33033 	 0.000e+00 	 0.000e+00 	 0.000e+00 
4.33533 	 0.000e+00 	 0.000e+00 	 0.000e+00 
4.34033 	 0.000e+00 	 0.000e+00 	 0.000e+00 
4.34533 	 0.000e+00 	 0.000e+00 	 0.000e+00 
4.35032 	 0.000e+00 	 0.000e+00 	 0.000e+00 
4.35532 	 0.000e+00 	 0.000e+00 	 0.000e+00 
4.36032 	 0.000e+00 	 0.000e+00 	 0.000e+00 
4.36532 	 0.000e+00 	 0.000e+00 	 0.000e+00 
4.37031 	 0.000e+00 	 0.000e+00 	 0.000e+00 
4.37531 	 0.000e+00 	 0.000e+00 	 0.000e+00 
4.38031 	 0.000e+00 	 0.000e+00 	 0.000e+00 
4.38531 	 0.000e+00 	 0.000e+00 	 0.000e+00 
4.39030 	 0.000e+00 	 0.000e+00 	 0.000e+00 
4.39530 	 0.000e+00 	 0.000e+00 	 0.000e+00 
4.40030 	 0.000e+00 	 0.000e+00 	 0.000e+00 
4.40530 	 0.000e+00 	 0.000e+00 	 0.000e+00 
4.41029 	 0.000e+00 	 0.000e+00 	 0.000e+00 
4.41529 	 0.000e+00 	 0.000e+00 	 0.000e+00 
4.42029 	 0.000e+00 	 0.000e+00 	 0.000e+00 
4.42529 	 0.000e+00 	 0.000e+00 	 0.000e+00 
4.43028 	 0.000e+00 	 0.000e+00 	 0.000e+00 
4.43528 	 0.000e+00 	 0.000e+00 	 0.000e+00 
4.44028 	 0.000e+00 	 0.000e+00 	 0.000e+00 
4.44528 	 0.000e+00 	 0.000e+00 	 0.000e+00 
4.45027 	 0.000e+00 	 0.000e+00 	 0.000e+00 
4.45527 	 0.000e+00 	 0.000e+00 	 0.000e+00 
4.46027 	 0.000e+00 	 0.000e+00 	 0.000e+00 
4.46527 	 0.000e+00 	 0.000e+00 	 0.000e+00 
4.47026 	 0.000e+00 	 0.000e+00 	 0.000e+00 
4.47526 	 0.000e+00 	 0.000e+00 	 0.000e+00 
4.48026 	 0.000e+00 	 0.000e+00 	 0.000e+00 
4.48526 	 0.000e+00 	 0.000e+00 	 0.000e+00 
4.49025 	 0.000e+00 	 0.000e+00 	 0.000e+00 
4.49525 	 0.000e+00 	 0.000e+00 	 0.000e+00 
4.50025 	 0.000e+00 	 0.000e+00 	 0.000e+00 
4.50525 	 0.000e+00 	 0.000e+00 	 0.000e+00 
4.51024 	 0.000e+00 	 0.000e+00 	 0.000e+00 
4.51524 	 0.000e+00 	 0.000e+00 	 0.000e+00 
4.52024 	 0.000e+00 	 0.000e+00 	 0.000e+00 
4.52524 	 0.000e+00 	 0.000e+00 	 0.000e+00 
4.53023 	 0.000e+00 	 0.000e+00 	 0.000e+00 
4.53523 	 0.000e+00 	 0.000e+00 	 0.000e+00 
4.54023 	 0.000e+00 	 0.000e+00 	 0.000e+00 
4.54523 	 0.000e+00 	 0.000e+00 	 0.000e+00 
4.55022 	 0.000e+00 	 0.000e+00 	 0.000e+00 
4.55522 	 0.000e+00 	 0.000e+00 	 0.000e+00 
4.56022 	 0.000e+00 	 0.000e+00 	 0.000e+00 
4.56522 	 0.000e+00 	 0.000e+00 	 0.000e+00 
4.57021 	 0.000e+00 	 0.000e+00 	 0.000e+00 
4.57521 	 0.000e+00 	 0.000e+00 	 0.000e+00 
4.58021 	 0.000e+00 	 0.000e+00 	 0.000e+00 
4.58521 	 0.000e+00 	 0.000e+00 	 0.000e+00 
4.59020 	 0.000e+00 	 0.000e+00 	 0.000e+00 
4.59520 	 0.000e+00 	 0.000e+00 	 0.000e+00 
4.60020 	 0.000e+00 	 0.000e+00 	 0.000e+00 
4.60520 	 0.000e+00 	 0.000e+00 	 0.000e+00 
4.61019 	 0.000e+00 	 0.000e+00 	 0.000e+00 
4.61519 	 0.000e+00 	 0.000e+00 	 0.000e+00 
4.62019 	 0.000e+00 	 0.000e+00 	 0.000e+00 
4.62519 	 0.000e+00 	 0.000e+00 	 0.000e+00 
4.63018 	 0.000e+00 	 0.000e+00 	 0.000e+00 
4.63518 	 0.000e+00 	 0.000e+00 	 0.000e+00 
4.64018 	 0.000e+00 	 0.000e+00 	 0.000e+00 
4.64518 	 0.000e+00 	 0.000e+00 	 0.000e+00 
4.65017 	 0.000e+00 	 0.000e+00 	 0.000e+00 
4.65517 	 0.000e+00 	 0.000e+00 	 0.000e+00 
4.66017 	 0.000e+00 	 0.000e+00 	 0.000e+00 
4.66517 	 0.000e+00 	 0.000e+00 	 0.000e+00 
4.67016 	 0.000e+00 	 0.000e+00 	 0.000e+00 
4.67516 	 0.000e+00 	 0.000e+00 	 0.000e+00 
4.68016 	 0.000e+00 	 0.000e+00 	 0.000e+00 
4.68516 	 0.000e+00 	 0.000e+00 	 0.000e+00 
4.69015 	 0.000e+00 	 0.000e+00 	 0.000e+00 
4.69515 	 0.000e+00 	 0.000e+00 	 0.000e+00 
4.70015 	 0.000e+00 	 0.000e+00 	 0.000e+00 
4.70515 	 0.000e+00 	 0.000e+00 	 0.000e+00 
4.71014 	 0.000e+00 	 0.000e+00 	 0.000e+00 
4.71514 	 0.000e+00 	 0.000e+00 	 0.000e+00 
4.72014 	 0.000e+00 	 0.000e+00 	 0.000e+00 
4.72514 	 0.000e+00 	 0.000e+00 	 0.000e+00 
4.73013 	 0.000e+00 	 0.000e+00 	 0.000e+00 
4.73513 	 0.000e+00 	 0.000e+00 	 0.000e+00 
4.74013 	 0.000e+00 	 0.000e+00 	 0.000e+00 
4.74513 	 0.000e+00 	 0.000e+00 	 0.000e+00 
4.75012 	 0.000e+00 	 0.000e+00 	 0.000e+00 
4.75512 	 0.000e+00 	 0.000e+00 	 0.000e+00 
4.76012 	 0.000e+00 	 0.000e+00 	 0.000e+00 
4.76512 	 0.000e+00 	 0.000e+00 	 0.000e+00 
4.77011 	 0.000e+00 	 0.000e+00 	 0.000e+00 
4.77511 	 0.000e+00 	 0.000e+00 	 0.000e+00 
4.78011 	 0.000e+00 	 0.000e+00 	 0.000e+00 
4.78511 	 0.000e+00 	 0.000e+00 	 0.000e+00 
4.79010 	 0.000e+00 	 0.000e+00 	 0.000e+00 
4.79510 	 0.000e+00 	 0.000e+00 	 0.000e+00 
4.80010 	 0.000e+00 	 0.000e+00 	 0.000e+00 
4.80510 	 0.000e+00 	 0.000e+00 	 0.000e+00 
4.81009 	 0.000e+00 	 0.000e+00 	 0.000e+00 
4.81509 	 0.000e+00 	 0.000e+00 	 0.000e+00 
4.82009 	 0.000e+00 	 0.000e+00 	 0.000e+00 
4.82509 	 0.000e+00 	 0.000e+00 	 0.000e+00 
4.83008 	 0.000e+00 	 0.000e+00 	 0.000e+00 
4.83508 	 0.000e+00 	 0.000e+00 	 0.000e+00 
4.84008 	 0.000e+00 	 0.000e+00 	 0.000e+00 
4.84508 	 0.000e+00 	 0.000e+00 	 0.000e+00 
4.85007 	 0.000e+00 	 0.000e+00 	 0.000e+00 
4.85507 	 0.000e+00 	 0.000e+00 	 0.000e+00 
4.86007 	 0.000e+00 	 0.000e+00 	 0.000e+00 
4.86507 	 0.000e+00 	 0.000e+00 	 0.000e+00 
4.87006 	 0.000e+00 	 0.000e+00 	 0.000e+00 
4.87506 	 0.000e+00 	 0.000e+00 	 0.000e+00 
4.88006 	 0.000e+00 	 0.000e+00 	 0.000e+00 
4.88506 	 0.000e+00 	 0.000e+00 	 0.000e+00 
4.89005 	 0.000e+00 	 0.000e+00 	 0.000e+00 
4.89505 	 0.000e+00 	 0.000e+00 	 0.000e+00 
4.90005 	 0.000e+00 	 0.000e+00 	 0.000e+00 
4.90505 	 0.000e+00 	 0.000e+00 	 0.000e+00 
4.91004 	 0.000e+00 	 0.000e+00 	 0.000e+00 
4.91504 	 0.000e+00 	 0.000e+00 	 0.000e+00 
4.92004 	 0.000e+00 	 0.000e+00 	 0.000e+00 
4.92504 	 0.000e+00 	 0.000e+00 	 0.000e+00 
4.93003 	 0.000e+00 	 0.000e+00 	 0.000e+00 
4.93503 	 0.000e+00 	 0.000e+00 	 0.000e+00 
4.94003 	 0.000e+00 	 0.000e+00 	 0.000e+00 
4.94503 	 0.000e+00 	 0.000e+00 	 0.000e+00 
4.95002 	 0.000e+00 	 0.000e+00 	 5.615e+248 
4.95502 	 0.000e+00 	 0.000e+00 	 0.000e+00 
4.96002 	 0.000e+00 	 0.000e+00 	 0.000e+00 
4.96502 	 0.000e+00 	 0.000e+00 	 0.000e+00 
4.97001 	 0.000e+00 	 0.000e+00 	 0.000e+00 
4.97501 	 0.000e+00 	 0.000e+00 	 0.000e+00 
4.98001 	 0.000e+00 	 0.000e+00 	 0.000e+00 
4.98501 	 0.000e+00 	 0.000e+00 	 0.000e+00 
4.99000 	 0.000e+00 	 0.000e+00 	 0.000e+00 
4.99500 	 0.000e+00 	 0.000e+00 	 0.000e+00 
5.00000 	 0.000e+00 	 0.000e+00 	 0.000e+00 
5.00500 	 0.000e+00 	 0.000e+00 	 0.000e+00 
5.01000 	 0.000e+00 	 0.000e+00 	 0.000e+00 
5.01499 	 0.000e+00 	 0.000e+00 	 0.000e+00 
5.01999 	 0.000e+00 	 0.000e+00 	 0.000e+00 
5.02499 	 0.000e+00 	 0.000e+00 	 0.000e+00 
5.02999 	 0.000e+00 	 0.000e+00 	 0.000e+00 
5.03498 	 0.000e+00 	 0.000e+00 	 0.000e+00 
5.03998 	 0.000e+00 	 0.000e+00 	 0.000e+00 
5.04498 	 0.000e+00 	 0.000e+00 	 0.000e+00 
5.04998 	 0.000e+00 	 0.000e+00 	 0.000e+00 
5.05497 	 0.000e+00 	 0.000e+00 	 0.000e+00 
5.05997 	 0.000e+00 	 0.000e+00 	 0.000e+00 
5.06497 	 0.000e+00 	 0.000e+00 	 0.000e+00 
5.06997 	 0.000e+00 	 0.000e+00 	 0.000e+00 
5.07496 	 0.000e+00 	 0.000e+00 	 0.000e+00 
5.07996 	 0.000e+00 	 0.000e+00 	 0.000e+00 
5.08496 	 0.000e+00 	 0.000e+00 	 0.000e+00 
5.08996 	 0.000e+00 	 0.000e+00 	 0.000e+00 
5.09495 	 0.000e+00 	 0.000e+00 	 0.000e+00 
5.09995 	 0.000e+00 	 0.000e+00 	 0.000e+00 
5.10495 	 0.000e+00 	 0.000e+00 	 0.000e+00 
5.10995 	 0.000e+00 	 0.000e+00 	 0.000e+00 
5.11494 	 0.000e+00 	 0.000e+00 	 0.000e+00 
5.11994 	 0.000e+00 	 0.000e+00 	 0.000e+00 
5.12494 	 0.000e+00 	 0.000e+00 	 0.000e+00 
5.12994 	 0.000e+00 	 0.000e+00 	 0.000e+00 
5.13493 	 0.000e+00 	 0.000e+00 	 0.000e+00 
5.13993 	 0.000e+00 	 0.000e+00 	 0.000e+00 
5.14493 	 0.000e+00 	 0.000e+00 	 0.000e+00 
5.14993 	 0.000e+00 	 0.000e+00 	 0.000e+00 
5.15492 	 0.000e+00 	 0.000e+00 	 0.000e+00 
5.15992 	 0.000e+00 	 0.000e+00 	 0.000e+00 
5.16492 	 0.000e+00 	 0.000e+00 	 0.000e+00 
5.16992 	 0.000e+00 	 0.000e+00 	 0.000e+00 
5.17491 	 0.000e+00 	 0.000e+00 	 0.000e+00 
5.17991 	 0.000e+00 	 0.000e+00 	 0.000e+00 
5.18491 	 0.000e+00 	 0.000e+00 	 0.000e+00 
5.18991 	 0.000e+00 	 0.000e+00 	 0.000e+00 
5.19490 	 0.000e+00 	 0.000e+00 	 0.000e+00 
5.19990 	 0.000e+00 	 0.000e+00 	 0.000e+00 
5.20490 	 0.000e+00 	 0.000e+00 	 0.000e+00 
5.20990 	 0.000e+00 	 0.000e+00 	 0.000e+00 
5.21489 	 0.000e+00 	 0.000e+00 	 0.000e+00 
5.21989 	 0.000e+00 	 0.000e+00 	 0.000e+00 
5.22489 	 0.000e+00 	 0.000e+00 	 0.000e+00 
5.22989 	 0.000e+00 	 0.000e+00 	 0.000e+00 
5.23488 	 0.000e+00 	 0.000e+00 	 0.000e+00 
5.23988 	 0.000e+00 	 0.000e+00 	 0.000e+00 
5.24488 	 0.000e+00 	 0.000e+00 	 0.000e+00 
5.24988 	 0.000e+00 	 0.000e+00 	 0.000e+00 
5.25487 	 0.000e+00 	 0.000e+00 	 0.000e+00 
5.25987 	 0.000e+00 	 0.000e+00 	 0.000e+00 
5.26487 	 0.000e+00 	 0.000e+00 	 0.000e+00 
5.26987 	 0.000e+00 	 0.000e+00 	 0.000e+00 
5.27486 	 0.000e+00 	 0.000e+00 	 0.000e+00 
5.27986 	 0.000e+00 	 0.000e+00 	 0.000e+00 
5.28486 	 0.000e+00 	 0.000e+00 	 0.000e+00 
5.28986 	 0.000e+00 	 0.000e+00 	 0.000e+00 
5.29485 	 0.000e+00 	 0.000e+00 	 0.000e+00 
5.29985 	 0.000e+00 	 0.000e+00 	 0.000e+00 
5.30485 	 0.000e+00 	 0.000e+00 	 0.000e+00 
5.30985 	 0.000e+00 	 0.000e+00 	 0.000e+00 
5.31484 	 0.000e+00 	 0.000e+00 	 0.000e+00 
5.31984 	 0.000e+00 	 0.000e+00 	 0.000e+00 
5.32484 	 0.000e+00 	 0.000e+00 	 0.000e+00 
5.32984 	 0.000e+00 	 0.000e+00 	 0.000e+00 
5.33483 	 0.000e+00 	 0.000e+00 	 0.000e+00 
5.33983 	 0.000e+00 	 0.000e+00 	 0.000e+00 
5.34483 	 0.000e+00 	 0.000e+00 	 0.000e+00 
5.34983 	 0.000e+00 	 0.000e+00 	 0.000e+00 
5.35482 	 0.000e+00 	 0.000e+00 	 0.000e+00 
5.35982 	 0.000e+00 	 0.000e+00 	 0.000e+00 
5.36482 	 0.000e+00 	 0.000e+00 	 0.000e+00 
5.36982 	 0.000e+00 	 0.000e+00 	 0.000e+00 
5.37481 	 0.000e+00 	 0.000e+00 	 0.000e+00 
5.37981 	 0.000e+00 	 0.000e+00 	 0.000e+00 
5.38481 	 0.000e+00 	 0.000e+00 	 0.000e+00 
5.38981 	 0.000e+00 	 0.000e+00 	 0.000e+00 
5.39480 	 0.000e+00 	 0.000e+00 	 0.000e+00 
5.39980 	 0.000e+00 	 0.000e+00 	 0.000e+00 
5.40480 	 0.000e+00 	 0.000e+00 	 0.000e+00 
5.40980 	 0.000e+00 	 0.000e+00 	 0.000e+00 
5.41479 	 0.000e+00 	 0.000e+00 	 0.000e+00 
5.41979 	 0.000e+00 	 0.000e+00 	 0.000e+00 
5.42479 	 0.000e+00 	 0.000e+00 	 0.000e+00 
5.42979 	 0.000e+00 	 0.000e+00 	 0.000e+00 
5.43478 	 0.000e+00 	 0.000e+00 	 0.000e+00 
5.43978 	 0.000e+00 	 0.000e+00 	 0.000e+00 
5.44478 	 0.000e+00 	 0.000e+00 	 0.000e+00 
5.44978 	 0.000e+00 	 0.000e+00 	 0.000e+00 
5.45477 	 0.000e+00 	 0.000e+00 	 0.000e+00 
5.45977 	 0.000e+00 	 0.000e+00 	 0.000e+00 
5.46477 	 0.000e+00 	 0.000e+00 	 0.000e+00 
5.46977 	 0.000e+00 	 0.000e+00 	 0.000e+00 
5.47476 	 0.000e+00 	 0.000e+00 	 0.000e+00 
5.47976 	 0.000e+00 	 0.000e+00 	 0.000e+00 
5.48476 	 0.000e+00 	 0.000e+00 	 0.000e+00 
5.48976 	 0.000e+00 	 0.000e+00 	 0.000e+00 
5.49475 	 0.000e+00 	 0.000e+00 	 0.000e+00 
5.49975 	 0.000e+00 	 0.000e+00 	 0.000e+00 
5.50475 	 0.000e+00 	 0.000e+00 	 0.000e+00 
5.50975 	 0.000e+00 	 0.000e+00 	 0.000e+00 
5.51474 	 0.000e+00 	 0.000e+00 	 0.000e+00 
5.51974 	 0.000e+00 	 0.000e+00 	 0.000e+00 
5.52474 	 0.000e+00 	 0.000e+00 	 0.000e+00 
5.52974 	 0.000e+00 	 0.000e+00 	 0.000e+00 
5.53473 	 0.000e+00 	 0.000e+00 	 0.000e+00 
5.53973 	 0.000e+00 	 0.000e+00 	 0.000e+00 
5.54473 	 0.000e+00 	 0.000e+00 	 0.000e+00 
5.54973 	 0.000e+00 	 0.000e+00 	 0.000e+00 
5.55472 	 0.000e+00 	 0.000e+00 	 0.000e+00 
5.55972 	 0.000e+00 	 0.000e+00 	 0.000e+00 
5.56472 	 0.000e+00 	 0.000e+00 	 0.000e+00 
5.56972 	 0.000e+00 	 0.000e+00 	 0.000e+00 
5.57471 	 0.000e+00 	 0.000e+00 	 0.000e+00 
5.57971 	 0.000e+00 	 0.000e+00 	 0.000e+00 
5.58471 	 0.000e+00 	 0.000e+00 	 0.000e+00 
5.58971 	 0.000e+00 	 0.000e+00 	 0.000e+00 
5.59470 	 0.000e+00 	 0.000e+00 	 0.000e+00 
5.59970 	 0.000e+00 	 0.000e+00 	 0.000e+00 
5.60470 	 0.000e+00 	 0.000e+00 	 0.000e+00 
5.60970 	 0.000e+00 	 0.000e+00 	 0.000e+00 
5.61469 	 0.000e+00 	 0.000e+00 	 0.000e+00 
5.61969 	 0.000e+00 	 0.000e+00 	 0.000e+00 
5.62469 	 0.000e+00 	 0.000e+00 	 0.000e+00 
5.62969 	 0.000e+00 	 0.000e+00 	 0.000e+00 
5.63468 	 0.000e+00 	 0.000e+00 	 0.000e+00 
5.63968 	 0.000e+00 	 0.000e+00 	 0.000e+00 
5.64468 	 0.000e+00 	 0.000e+00 	 0.000e+00 
5.64968 	 0.000e+00 	 0.000e+00 	 0.000e+00 
5.65467 	 0.000e+00 	 0.000e+00 	 0.000e+00 
5.65967 	 0.000e+00 	 0.000e+00 	 0.000e+00 
5.66467 	 0.000e+00 	 0.000e+00 	 0.000e+00 
5.66967 	 0.000e+00 	 0.000e+00 	 0.000e+00 
5.67466 	 0.000e+00 	 0.000e+00 	 0.000e+00 
5.67966 	 0.000e+00 	 0.000e+00 	 0.000e+00 
5.68466 	 0.000e+00 	 0.000e+00 	 0.000e+00 
5.68966 	 0.000e+00 	 0.000e+00 	 0.000e+00 
5.69465 	 0.000e+00 	 0.000e+00 	 0.000e+00 
5.69965 	 0.000e+00 	 0.000e+00 	 0.000e+00 
5.70465 	 0.000e+00 	 0.000e+00 	 0.000e+00 
5.70965 	 0.000e+00 	 0.000e+00 	 0.000e+00 
5.71464 	 0.000e+00 	 0.000e+00 	 0.000e+00 
5.71964 	 0.000e+00 	 0.000e+00 	 0.000e+00 
5.72464 	 0.000e+00 	 0.000e+00 	 0.000e+00 
5.72964 	 0.000e+00 	 0.000e+00 	 0.000e+00 
5.73463 	 0.000e+00 	 0.000e+00 	 0.000e+00 
5.73963 	 0.000e+00 	 0.000e+00 	 0.000e+00 
5.74463 	 0.000e+00 	 0.000e+00 	 0.000e+00 
5.74963 	 0.000e+00 	 0.000e+00 	 0.000e+00 
5.75462 	 0.000e+00 	 0.000e+00 	 0.000e+00 
5.75962 	 0.000e+00 	 0.000e+00 	 0.000e+00 
5.76462 	 0.000e+00 	 0.000e+00 	 0.000e+00 
5.76962 	 0.000e+00 	 0.000e+00 	 0.000e+00 
5.77461 	 0.000e+00 	 0.000e+00 	 0.000e+00 
5.77961 	 0.000e+00 	 0.000e+00 	 0.000e+00 
5.78461 	 0.000e+00 	 0.000e+00 	 0.000e+00 
5.78961 	 0.000e+00 	 0.000e+00 	 0.000e+00 
5.79460 	 0.000e+00 	 0.000e+00 	 0.000e+00 
5.79960 	 0.000e+00 	 0.000e+00 	 0.000e+00 
5.80460 	 0.000e+00 	 0.000e+00 	 0.000e+00 
5.80960 	 0.000e+00 	 0.000e+00 	 0.000e+00 
5.81459 	 0.000e+00 	 0.000e+00 	 0.000e+00 
5.81959 	 0.000e+00 	 0.000e+00 	 0.000e+00 
5.82459 	 0.000e+00 	 0.000e+00 	 0.000e+00 
5.82959 	 0.000e+00 	 0.000e+00 	 0.000e+00 
5.83458 	 0.000e+00 	 0.000e+00 	 0.000e+00 
5.83958 	 0.000e+00 	 0.000e+00 	 0.000e+00 
5.84458 	 0.000e+00 	 0.000e+00 	 0.000e+00 
5.84958 	 0.000e+00 	 0.000e+00 	 0.000e+00 
5.85457 	 0.000e+00 	 0.000e+00 	 0.000e+00 
5.85957 	 0.000e+00 	 0.000e+00 	 0.000e+00 
5.86457 	 0.000e+00 	 0.000e+00 	 0.000e+00 
5.86957 	 0.000e+00 	 0.000e+00 	 0.000e+00 
5.87456 	 0.000e+00 	 0.000e+00 	 0.000e+00 
5.87956 	 0.000e+00 	 0.000e+00 	 0.000e+00 
5.88456 	 0.000e+00 	 0.000e+00 	 0.000e+00 
5.88956 	 0.000e+00 	 0.000e+00 	 0.000e+00 
5.89455 	 0.000e+00 	 0.000e+00 	 0.000e+00 
5.89955 	 0.000e+00 	 0.000e+00 	 0.000e+00 
5.90455 	 0.000e+00 	 0.000e+00 	 0.000e+00 
5.90955 	 0.000e+00 	 0.000e+00 	 0.000e+00 
5.91454 	 0.000e+00 	 0.000e+00 	 0.000e+00 
5.91954 	 0.000e+00 	 0.000e+00 	 0.000e+00 
5.92454 	 0.000e+00 	 0.000e+00 	 0.000e+00 
5.92954 	 0.000e+00 	 0.000e+00 	 0.000e+00 
5.93453 	 0.000e+00 	 0.000e+00 	 0.000e+00 
5.93953 	 0.000e+00 	 0.000e+00 	 0.000e+00 
5.94453 	 0.000e+00 	 0.000e+00 	 0.000e+00 
5.94953 	 0.000e+00 	 0.000e+00 	 0.000e+00 
5.95452 	 0.000e+00 	 0.000e+00 	 0.000e+00 
5.95952 	 0.000e+00 	 0.000e+00 	 0.000e+00 
5.96452 	 0.000e+00 	 0.000e+00 	 0.000e+00 
5.96952 	 0.000e+00 	 0.000e+00 	 0.000e+00 
5.97451 	 0.000e+00 	 0.000e+00 	 0.000e+00 
5.97951 	 0.000e+00 	 0.000e+00 	 0.000e+00 
5.98451 	 0.000e+00 	 0.000e+00 	 0.000e+00 
5.98951 	 0.000e+00 	 0.000e+00 	 0.000e+00 
5.99450 	 0.000e+00 	 0.000e+00 	 0.000e+00 
5.99950 	 0.000e+00 	 0.000e+00 	 0.000e+00 
6.00450 	 0.000e+00 	 0.000e+00 	 0.000e+00 
6.00950 	 0.000e+00 	 0.000e+00 	 0.000e+00 
6.01449 	 0.000e+00 	 0.000e+00 	 0.000e+00 
6.01949 	 0.000e+00 	 0.000e+00 	 0.000e+00 
6.02449 	 0.000e+00 	 0.000e+00 	 0.000e+00 
6.02949 	 0.000e+00 	 0.000e+00 	 0.000e+00 
6.03448 	 0.000e+00 	 0.000e+00 	 0.000e+00 
6.03948 	 0.000e+00 	 0.000e+00 	 0.000e+00 
6.04448 	 0.000e+00 	 0.000e+00 	 0.000e+00 
6.04948 	 0.000e+00 	 0.000e+00 	 0.000e+00 
6.05447 	 0.000e+00 	 0.000e+00 	 0.000e+00 
6.05947 	 0.000e+00 	 0.000e+00 	 0.000e+00 
6.06447 	 0.000e+00 	 0.000e+00 	 0.000e+00 
6.06947 	 0.000e+00 	 0.000e+00 	 0.000e+00 
6.07446 	 0.000e+00 	 0.000e+00 	 0.000e+00 
6.07946 	 0.000e+00 	 0.000e+00 	 0.000e+00 
6.08446 	 0.000e+00 	 0.000e+00 	 0.000e+00 
6.08946 	 0.000e+00 	 0.000e+00 	 0.000e+00 
6.09445 	 0.000e+00 	 0.000e+00 	 0.000e+00 
6.09945 	 0.000e+00 	 0.000e+00 	 0.000e+00 
6.10445 	 0.000e+00 	 0.000e+00 	 0.000e+00 
6.10945 	 0.000e+00 	 0.000e+00 	 0.000e+00 
6.11444 	 0.000e+00 	 0.000e+00 	 0.000e+00 
6.11944 	 0.000e+00 	 0.000e+00 	 0.000e+00 
6.12444 	 0.000e+00 	 0.000e+00 	 0.000e+00 
6.12944 	 0.000e+00 	 0.000e+00 	 0.000e+00 
6.13443 	 0.000e+00 	 0.000e+00 	 0.000e+00 
6.13943 	 0.000e+00 	 0.000e+00 	 0.000e+00 
6.14443 	 0.000e+00 	 0.000e+00 	 0.000e+00 
6.14943 	 0.000e+00 	 0.000e+00 	 0.000e+00 
6.15442 	 0.000e+00 	 0.000e+00 	 0.000e+00 
6.15942 	 0.000e+00 	 0.000e+00 	 0.000e+00 
6.16442 	 0.000e+00 	 0.000e+00 	 0.000e+00 
6.16942 	 0.000e+00 	 0.000e+00 	 0.000e+00 
6.17441 	 0.000e+00 	 0.000e+00 	 0.000e+00 
6.17941 	 0.000e+00 	 0.000e+00 	 0.000e+00 
6.18441 	 0.000e+00 	 0.000e+00 	 0.000e+00 
6.18941 	 0.000e+00 	 0.000e+00 	 0.000e+00 
6.19440 	 0.000e+00 	 0.000e+00 	 0.000e+00 
6.19940 	 0.000e+00 	 0.000e+00 	 0.000e+00 
6.20440 	 0.000e+00 	 0.000e+00 	 0.000e+00 
6.20940 	 0.000e+00 	 0.000e+00 	 0.000e+00 
6.21439 	 0.000e+00 	 0.000e+00 	 0.000e+00 
6.21939 	 0.000e+00 	 0.000e+00 	 0.000e+00 
6.22439 	 0.000e+00 	 0.000e+00 	 0.000e+00 
6.22939 	 0.000e+00 	 0.000e+00 	 0.000e+00 
6.23438 	 0.000e+00 	 0.000e+00 	 0.000e+00 
6.23938 	 0.000e+00 	 0.000e+00 	 0.000e+00 
6.24438 	 0.000e+00 	 0.000e+00 	 0.000e+00 
6.24938 	 0.000e+00 	 0.000e+00 	 0.000e+00 
6.25437 	 0.000e+00 	 0.000e+00 	 0.000e+00 
6.25937 	 0.000e+00 	 0.000e+00 	 0.000e+00 
6.26437 	 0.000e+00 	 0.000e+00 	 0.000e+00 
6.26937 	 0.000e+00 	 0.000e+00 	 0.000e+00 
6.27436 	 0.000e+00 	 0.000e+00 	 0.000e+00 
6.27936 	 0.000e+00 	 0.000e+00 	 0.000e+00 
6.28436 	 0.000e+00 	 0.000e+00 	 0.000e+00 
6.28936 	 0.000e+00 	 0.000e+00 	 0.000e+00 
6.29435 	 0.000e+00 	 0.000e+00 	 0.000e+00 
6.29935 	 0.000e+00 	 0.000e+00 	 0.000e+00 
6.30435 	 0.000e+00 	 0.000e+00 	 0.000e+00 
6.30935 	 0.000e+00 	 0.000e+00 	 0.000e+00 
6.31434 	 0.000e+00 	 0.000e+00 	 0.000e+00 
6.31934 	 0.000e+00 	 0.000e+00 	 0.000e+00 
6.32434 	 0.000e+00 	 0.000e+00 	 0.000e+00 
6.32934 	 0.000e+00 	 0.000e+00 	 0.000e+00 
6.33433 	 0.000e+00 	 0.000e+00 	 0.000e+00 
6.33933 	 0.000e+00 	 0.000e+00 	 0.000e+00 
6.34433 	 0.000e+00 	 0.000e+00 	 0.000e+00 
6.34933 	 0.000e+00 	 0.000e+00 	 0.000e+00 
6.35432 	 0.000e+00 	 0.000e+00 	 0.000e+00 
6.35932 	 0.000e+00 	 0.000e+00 	 0.000e+00 
6.36432 	 0.000e+00 	 0.000e+00 	 0.000e+00 
6.36932 	 0.000e+00 	 0.000e+00 	 0.000e+00 
6.37431 	 0.000e+00 	 0.000e+00 	 0.000e+00 
6.37931 	 0.000e+00 	 0.000e+00 	 0.000e+00 
6.38431 	 0.000e+00 	 0.000e+00 	 0.000e+00 
6.38931 	 0.000e+00 	 0.000e+00 	 0.000e+00 
6.39430 	 0.000e+00 	 0.000e+00 	 0.000e+00 
6.39930 	 0.000e+00 	 0.000e+00 	 0.000e+00 
6.40430 	 0.000e+00 	 0.000e+00 	 0.000e+00 
6.40930 	 0.000e+00 	 0.000e+00 	 0.000e+00 
6.41429 	 0.000e+00 	 0.000e+00 	 0.000e+00 
6.41929 	 0.000e+00 	 0.000e+00 	 0.000e+00 
6.42429 	 0.000e+00 	 0.000e+00 	 0.000e+00 
6.42929 	 0.000e+00 	 0.000e+00 	 0.000e+00 
6.43428 	 0.000e+00 	 0.000e+00 	 0.000e+00 
6.43928 	 0.000e+00 	 0.000e+00 	 0.000e+00 
6.44428 	 0.000e+00 	 0.000e+00 	 0.000e+00 
6.44928 	 0.000e+00 	 0.000e+00 	 0.000e+00 
6.45427 	 0.000e+00 	 0.000e+00 	 0.000e+00 
6.45927 	 0.000e+00 	 0.000e+00 	 0.000e+00 
6.46427 	 0.000e+00 	 0.000e+00 	 0.000e+00 
6.46927 	 0.000e+00 	 0.000e+00 	 0.000e+00 
6.47426 	 0.000e+00 	 0.000e+00 	 0.000e+00 
6.47926 	 0.000e+00 	 0.000e+00 	 0.000e+00 
6.48426 	 0.000e+00 	 0.000e+00 	 0.000e+00 
6.48926 	 0.000e+00 	 0.000e+00 	 0.000e+00 
6.49425 	 0.000e+00 	 0.000e+00 	 0.000e+00 
6.49925 	 0.000e+00 	 0.000e+00 	 0.000e+00 
6.50425 	 0.000e+00 	 0.000e+00 	 0.000e+00 
6.50925 	 0.000e+00 	 0.000e+00 	 0.000e+00 
6.51424 	 0.000e+00 	 0.000e+00 	 0.000e+00 
6.51924 	 0.000e+00 	 0.000e+00 	 0.000e+00 
6.52424 	 0.000e+00 	 0.000e+00 	 0.000e+00 
6.52924 	 0.000e+00 	 0.000e+00 	 0.000e+00 
6.53423 	 0.000e+00 	 0.000e+00 	 0.000e+00 
6.53923 	 0.000e+00 	 0.000e+00 	 0.000e+00 
6.54423 	 0.000e+00 	 0.000e+00 	 0.000e+00 
6.54923 	 0.000e+00 	 0.000e+00 	 0.000e+00 
6.55422 	 0.000e+00 	 0.000e+00 	 0.000e+00 
6.55922 	 0.000e+00 	 0.000e+00 	 0.000e+00 
6.56422 	 0.000e+00 	 0.000e+00 	 0.000e+00 
6.56922 	 0.000e+00 	 0.000e+00 	 0.000e+00 
6.57421 	 0.000e+00 	 0.000e+00 	 0.000e+00 
6.57921 	 0.000e+00 	 0.000e+00 	 0.000e+00 
6.58421 	 0.000e+00 	 0.000e+00 	 0.000e+00 
6.58921 	 0.000e+00 	 0.000e+00 	 0.000e+00 
6.59420 	 0.000e+00 	 0.000e+00 	 0.000e+00 
6.59920 	 0.000e+00 	 0.000e+00 	 0.000e+00 
6.60420 	 0.000e+00 	 0.000e+00 	 0.000e+00 
6.60920 	 0.000e+00 	 0.000e+00 	 0.000e+00 
6.61419 	 0.000e+00 	 0.000e+00 	 0.000e+00 
6.61919 	 0.000e+00 	 0.000e+00 	 0.000e+00 
6.62419 	 0.000e+00 	 0.000e+00 	 0.000e+00 
6.62919 	 0.000e+00 	 0.000e+00 	 0.000e+00 
6.63418 	 0.000e+00 	 0.000e+00 	 0.000e+00 
6.63918 	 0.000e+00 	 0.000e+00 	 0.000e+00 
6.64418 	 0.000e+00 	 0.000e+00 	 0.000e+00 
6.64918 	 0.000e+00 	 0.000e+00 	 0.000e+00 
6.65417 	 0.000e+00 	 0.000e+00 	 0.000e+00 
6.65917 	 0.000e+00 	 0.000e+00 	 0.000e+00 
6.66417 	 0.000e+00 	 0.000e+00 	 0.000e+00 
6.66917 	 0.000e+00 	 0.000e+00 	 0.000e+00 
6.67416 	 0.000e+00 	 0.000e+00 	 0.000e+00 
6.67916 	 0.000e+00 	 0.000e+00 	 0.000e+00 
6.68416 	 0.000e+00 	 0.000e+00 	 0.000e+00 
6.68916 	 0.000e+00 	 0.000e+00 	 0.000e+00 
6.69415 	 0.000e+00 	 0.000e+00 	 0.000e+00 
6.69915 	 0.000e+00 	 0.000e+00 	 0.000e+00 
6.70415 	 0.000e+00 	 0.000e+00 	 0.000e+00 
6.70915 	 0.000e+00 	 0.000e+00 	 0.000e+00 
6.71414 	 0.000e+00 	 0.000e+00 	 0.000e+00 
6.71914 	 0.000e+00 	 0.000e+00 	 0.000e+00 
6.72414 	 0.000e+00 	 0.000e+00 	 0.000e+00 
6.72914 	 0.000e+00 	 0.000e+00 	 0.000e+00 
6.73413 	 0.000e+00 	 0.000e+00 	 0.000e+00 
6.73913 	 0.000e+00 	 0.000e+00 	 0.000e+00 
6.74413 	 0.000e+00 	 0.000e+00 	 0.000e+00 
6.74913 	 0.000e+00 	 0.000e+00 	 0.000e+00 
6.75412 	 0.000e+00 	 0.000e+00 	 0.000e+00 
6.75912 	 0.000e+00 	 0.000e+00 	 0.000e+00 
6.76412 	 0.000e+00 	 0.000e+00 	 0.000e+00 
6.76912 	 0.000e+00 	 0.000e+00 	 0.000e+00 
6.77411 	 0.000e+00 	 0.000e+00 	 0.000e+00 
6.77911 	 0.000e+00 	 0.000e+00 	 0.000e+00 
6.78411 	 0.000e+00 	 0.000e+00 	 0.000e+00 
6.78911 	 0.000e+00 	 0.000e+00 	 0.000e+00 
6.79410 	 0.000e+00 	 0.000e+00 	 0.000e+00 
6.79910 	 0.000e+00 	 0.000e+00 	 0.000e+00 
6.80410 	 0.000e+00 	 0.000e+00 	 0.000e+00 
6.80910 	 0.000e+00 	 0.000e+00 	 0.000e+00 
6.81409 	 0.000e+00 	 0.000e+00 	 0.000e+00 
6.81909 	 0.000e+00 	 0.000e+00 	 0.000e+00 
6.82409 	 0.000e+00 	 0.000e+00 	 0.000e+00 
6.82909 	 0.000e+00 	 0.000e+00 	 0.000e+00 
6.83408 	 0.000e+00 	 0.000e+00 	 0.000e+00 
6.83908 	 0.000e+00 	 0.000e+00 	 0.000e+00 
6.84408 	 0.000e+00 	 0.000e+00 	 0.000e+00 
6.84908 	 0.000e+00 	 0.000e+00 	 0.000e+00 
6.85407 	 0.000e+00 	 0.000e+00 	 0.000e+00 
6.85907 	 0.000e+00 	 0.000e+00 	 0.000e+00 
6.86407 	 0.000e+00 	 0.000e+00 	 0.000e+00 
6.86907 	 0.000e+00 	 0.000e+00 	 0.000e+00 
6.87406 	 0.000e+00 	 0.000e+00 	 0.000e+00 
6.87906 	 0.000e+00 	 0.000e+00 	 0.000e+00 
6.88406 	 0.000e+00 	 0.000e+00 	 0.000e+00 
6.88906 	 0.000e+00 	 0.000e+00 	 0.000e+00 
6.89405 	 0.000e+00 	 0.000e+00 	 0.000e+00 
6.89905 	 0.000e+00 	 0.000e+00 	 0.000e+00 
6.90405 	 0.000e+00 	 0.000e+00 	 0.000e+00 
6.90905 	 0.000e+00 	 0.000e+00 	 0.000e+00 
6.91404 	 0.000e+00 	 0.000e+00 	 0.000e+00 
6.91904 	 0.000e+00 	 0.000e+00 	 0.000e+00 
6.92404 	 0.000e+00 	 0.000e+00 	 0.000e+00 
6.92904 	 0.000e+00 	 0.000e+00 	 0.000e+00 
6.93403 	 0.000e+00 	 0.000e+00 	 0.000e+00 
6.93903 	 0.000e+00 	 0.000e+00 	 0.000e+00 
6.94403 	 0.000e+00 	 0.000e+00 	 0.000e+00 
6.94903 	 0.000e+00 	 0.000e+00 	 0.000e+00 
6.95402 	 0.000e+00 	 0.000e+00 	 0.000e+00 
6.95902 	 0.000e+00 	 0.000e+00 	 0.000e+00 
6.96402 	 0.000e+00 	 0.000e+00 	 0.000e+00 
6.96902 	 0.000e+00 	 0.000e+00 	 0.000e+00 
6.97401 	 0.000e+00 	 0.000e+00 	 0.000e+00 
6.97901 	 0.000e+00 	 0.000e+00 	 0.000e+00 
6.98401 	 0.000e+00 	 0.000e+00 	 0.000e+00 
6.98901 	 0.000e+00 	 0.000e+00 	 0.000e+00 
6.99400 	 0.000e+00 	 0.000e+00 	 0.000e+00 
6.99900 	 0.000e+00 	 0.000e+00 	 0.000e+00 
7.00400 	 0.000e+00 	 0.000e+00 	 0.000e+00 
7.00900 	 0.000e+00 	 0.000e+00 	 0.000e+00 
7.01399 	 0.000e+00 	 0.000e+00 	 0.000e+00 
7.01899 	 0.000e+00 	 0.000e+00 	 0.000e+00 
7.02399 	 0.000e+00 	 0.000e+00 	 0.000e+00 
7.02899 	 0.000e+00 	 0.000e+00 	 0.000e+00 
7.03398 	 0.000e+00 	 0.000e+00 	 0.000e+00 
7.03898 	 0.000e+00 	 0.000e+00 	 0.000e+00 
7.04398 	 0.000e+00 	 0.000e+00 	 0.000e+00 
7.04898 	 0.000e+00 	 0.000e+00 	 0.000e+00 
7.05397 	 0.000e+00 	 0.000e+00 	 0.000e+00 
7.05897 	 0.000e+00 	 0.000e+00 	 0.000e+00 
7.06397 	 0.000e+00 	 0.000e+00 	 0.000e+00 
7.06897 	 0.000e+00 	 0.000e+00 	 0.000e+00 
7.07396 	 0.000e+00 	 0.000e+00 	 0.000e+00 
7.07896 	 0.000e+00 	 0.000e+00 	 0.000e+00 
7.08396 	 0.000e+00 	 0.000e+00 	 0.000e+00 
7.08896 	 0.000e+00 	 0.000e+00 	 0.000e+00 
7.09395 	 0.000e+00 	 0.000e+00 	 0.000e+00 
7.09895 	 0.000e+00 	 0.000e+00 	 0.000e+00 
7.10395 	 0.000e+00 	 0.000e+00 	 0.000e+00 
7.10895 	 0.000e+00 	 0.000e+00 	 0.000e+00 
7.11394 	 0.000e+00 	 0.000e+00 	 0.000e+00 
7.11894 	 0.000e+00 	 0.000e+00 	 0.000e+00 
7.12394 	 0.000e+00 	 0.000e+00 	 0.000e+00 
7.12894 	 0.000e+00 	 0.000e+00 	 0.000e+00 
7.13393 	 0.000e+00 	 0.000e+00 	 0.000e+00 
7.13893 	 0.000e+00 	 0.000e+00 	 0.000e+00 
7.14393 	 0.000e+00 	 0.000e+00 	 0.000e+00 
7.14893 	 0.000e+00 	 0.000e+00 	 0.000e+00 
7.15392 	 0.000e+00 	 0.000e+00 	 0.000e+00 
7.15892 	 0.000e+00 	 0.000e+00 	 0.000e+00 
7.16392 	 0.000e+00 	 0.000e+00 	 0.000e+00 
7.16892 	 0.000e+00 	 0.000e+00 	 0.000e+00 
7.17391 	 0.000e+00 	 0.000e+00 	 0.000e+00 
7.17891 	 0.000e+00 	 0.000e+00 	 0.000e+00 
7.18391 	 0.000e+00 	 0.000e+00 	 0.000e+00 
7.18891 	 0.000e+00 	 0.000e+00 	 0.000e+00 
7.19390 	 0.000e+00 	 0.000e+00 	 0.000e+00 
7.19890 	 0.000e+00 	 0.000e+00 	 0.000e+00 
7.20390 	 0.000e+00 	 0.000e+00 	 0.000e+00 
7.20890 	 0.000e+00 	 0.000e+00 	 0.000e+00 
7.21389 	 0.000e+00 	 0.000e+00 	 0.000e+00 
7.21889 	 0.000e+00 	 0.000e+00 	 0.000e+00 
7.22389 	 0.000e+00 	 0.000e+00 	 0.000e+00 
7.22889 	 0.000e+00 	 0.000e+00 	 0.000e+00 
7.23388 	 0.000e+00 	 0.000e+00 	 0.000e+00 
7.23888 	 0.000e+00 	 0.000e+00 	 0.000e+00 
7.24388 	 0.000e+00 	 0.000e+00 	 0.000e+00 
7.24888 	 0.000e+00 	 0.000e+00 	 0.000e+00 
7.25387 	 0.000e+00 	 0.000e+00 	 0.000e+00 
7.25887 	 0.000e+00 	 0.000e+00 	 0.000e+00 
7.26387 	 0.000e+00 	 0.000e+00 	 0.000e+00 
7.26887 	 0.000e+00 	 0.000e+00 	 0.000e+00 
7.27386 	 0.000e+00 	 0.000e+00 	 0.000e+00 
7.27886 	 0.000e+00 	 0.000e+00 	 0.000e+00 
7.28386 	 0.000e+00 	 0.000e+00 	 0.000e+00 
7.28886 	 0.000e+00 	 0.000e+00 	 0.000e+00 
7.29385 	 0.000e+00 	 0.000e+00 	 0.000e+00 
7.29885 	 0.000e+00 	 0.000e+00 	 0.000e+00 
7.30385 	 0.000e+00 	 0.000e+00 	 0.000e+00 
7.30885 	 0.000e+00 	 0.000e+00 	 0.000e+00 
7.31384 	 0.000e+00 	 0.000e+00 	 0.000e+00 
7.31884 	 0.000e+00 	 0.000e+00 	 0.000e+00 
7.32384 	 0.000e+00 	 0.000e+00 	 0.000e+00 
7.32884 	 0.000e+00 	 0.000e+00 	 0.000e+00 
7.33383 	 0.000e+00 	 0.000e+00 	 0.000e+00 
7.33883 	 0.000e+00 	 0.000e+00 	 0.000e+00 
7.34383 	 0.000e+00 	 0.000e+00 	 0.000e+00 
7.34883 	 0.000e+00 	 0.000e+00 	 0.000e+00 
7.35382 	 0.000e+00 	 0.000e+00 	 0.000e+00 
7.35882 	 0.000e+00 	 0.000e+00 	 0.000e+00 
7.36382 	 0.000e+00 	 0.000e+00 	 0.000e+00 
7.36882 	 0.000e+00 	 0.000e+00 	 0.000e+00 
7.37381 	 0.000e+00 	 0.000e+00 	 0.000e+00 
7.37881 	 0.000e+00 	 0.000e+00 	 0.000e+00 
7.38381 	 0.000e+00 	 0.000e+00 	 0.000e+00 
7.38881 	 0.000e+00 	 0.000e+00 	 0.000e+00 
7.39380 	 0.000e+00 	 0.000e+00 	 0.000e+00 
7.39880 	 0.000e+00 	 0.000e+00 	 0.000e+00 
7.40380 	 0.000e+00 	 0.000e+00 	 0.000e+00 
7.40880 	 0.000e+00 	 0.000e+00 	 0.000e+00 
7.41379 	 0.000e+00 	 0.000e+00 	 0.000e+00 
7.41879 	 0.000e+00 	 0.000e+00 	 0.000e+00 
7.42379 	 0.000e+00 	 0.000e+00 	 0.000e+00 
7.42879 	 0.000e+00 	 0.000e+00 	 0.000e+00 
7.43378 	 0.000e+00 	 0.000e+00 	 0.000e+00 
7.43878 	 0.000e+00 	 0.000e+00 	 0.000e+00 
7.44378 	 0.000e+00 	 0.000e+00 	 0.000e+00 
7.44878 	 0.000e+00 	 0.000e+00 	 0.000e+00 
7.45377 	 0.000e+00 	 0.000e+00 	 0.000e+00 
7.45877 	 0.000e+00 	 0.000e+00 	 0.000e+00 
7.46377 	 0.000e+00 	 0.000e+00 	 0.000e+00 
7.46877 	 0.000e+00 	 0.000e+00 	 0.000e+00 
7.47376 	 0.000e+00 	 0.000e+00 	 0.000e+00 
7.47876 	 0.000e+00 	 0.000e+00 	 0.000e+00 
7.48376 	 0.000e+00 	 0.000e+00 	 0.000e+00 
7.48876 	 0.000e+00 	 0.000e+00 	 0.000e+00 
7.49375 	 0.000e+00 	 0.000e+00 	 0.000e+00 
7.49875 	 0.000e+00 	 0.000e+00 	 0.000e+00 
7.50375 	 0.000e+00 	 0.000e+00 	 0.000e+00 
7.50875 	 0.000e+00 	 0.000e+00 	 0.000e+00 
7.51374 	 0.000e+00 	 0.000e+00 	 0.000e+00 
7.51874 	 0.000e+00 	 0.000e+00 	 0.000e+00 
7.52374 	 0.000e+00 	 0.000e+00 	 0.000e+00 
7.52874 	 0.000e+00 	 0.000e+00 	 0.000e+00 
7.53373 	 0.000e+00 	 0.000e+00 	 0.000e+00 
7.53873 	 0.000e+00 	 0.000e+00 	 0.000e+00 
7.54373 	 0.000e+00 	 0.000e+00 	 0.000e+00 
7.54873 	 0.000e+00 	 0.000e+00 	 0.000e+00 
7.55372 	 0.000e+00 	 0.000e+00 	 0.000e+00 
7.55872 	 0.000e+00 	 0.000e+00 	 0.000e+00 
7.56372 	 0.000e+00 	 0.000e+00 	 0.000e+00 
7.56872 	 0.000e+00 	 0.000e+00 	 0.000e+00 
7.57371 	 0.000e+00 	 0.000e+00 	 0.000e+00 
7.57871 	 0.000e+00 	 0.000e+00 	 0.000e+00 
7.58371 	 0.000e+00 	 0.000e+00 	 0.000e+00 
7.58871 	 0.000e+00 	 0.000e+00 	 0.000e+00 
7.59370 	 0.000e+00 	 0.000e+00 	 0.000e+00 
7.59870 	 0.000e+00 	 0.000e+00 	 0.000e+00 
7.60370 	 0.000e+00 	 0.000e+00 	 0.000e+00 
7.60870 	 0.000e+00 	 0.000e+00 	 0.000e+00 
7.61369 	 0.000e+00 	 0.000e+00 	 0.000e+00 
7.61869 	 0.000e+00 	 0.000e+00 	 0.000e+00 
7.62369 	 0.000e+00 	 0.000e+00 	 0.000e+00 
7.62869 	 0.000e+00 	 0.000e+00 	 0.000e+00 
7.63368 	 0.000e+00 	 0.000e+00 	 0.000e+00 
7.63868 	 0.000e+00 	 0.000e+00 	 0.000e+00 
7.64368 	 0.000e+00 	 0.000e+00 	 0.000e+00 
7.64868 	 0.000e+00 	 0.000e+00 	 0.000e+00 
7.65367 	 0.000e+00 	 0.000e+00 	 0.000e+00 
7.65867 	 0.000e+00 	 0.000e+00 	 0.000e+00 
7.66367 	 0.000e+00 	 0.000e+00 	 0.000e+00 
7.66867 	 0.000e+00 	 0.000e+00 	 0.000e+00 
7.67366 	 0.000e+00 	 0.000e+00 	 0.000e+00 
7.67866 	 0.000e+00 	 0.000e+00 	 0.000e+00 
7.68366 	 0.000e+00 	 0.000e+00 	 0.000e+00 
7.68866 	 0.000e+00 	 0.000e+00 	 0.000e+00 
7.69365 	 0.000e+00 	 0.000e+00 	 0.000e+00 
7.69865 	 0.000e+00 	 0.000e+00 	 0.000e+00 
7.70365 	 0.000e+00 	 0.000e+00 	 0.000e+00 
7.70865 	 0.000e+00 	 0.000e+00 	 0.000e+00 
7.71364 	 0.000e+00 	 0.000e+00 	 0.000e+00 
7.71864 	 0.000e+00 	 0.000e+00 	 0.000e+00 
7.72364 	 0.000e+00 	 0.000e+00 	 0.000e+00 
7.72864 	 0.000e+00 	 0.000e+00 	 0.000e+00 
7.73363 	 0.000e+00 	 0.000e+00 	 0.000e+00 
7.73863 	 0.000e+00 	 0.000e+00 	 0.000e+00 
7.74363 	 0.000e+00 	 0.000e+00 	 0.000e+00 
7.74863 	 0.000e+00 	 0.000e+00 	 0.000e+00 
7.75362 	 0.000e+00 	 0.000e+00 	 0.000e+00 
7.75862 	 0.000e+00 	 0.000e+00 	 0.000e+00 
7.76362 	 0.000e+00 	 0.000e+00 	 0.000e+00 
7.76862 	 0.000e+00 	 0.000e+00 	 0.000e+00 
7.77361 	 0.000e+00 	 0.000e+00 	 0.000e+00 
7.77861 	 0.000e+00 	 0.000e+00 	 0.000e+00 
7.78361 	 0.000e+00 	 0.000e+00 	 0.000e+00 
7.78861 	 0.000e+00 	 0.000e+00 	 0.000e+00 
7.79360 	 0.000e+00 	 0.000e+00 	 0.000e+00 
7.79860 	 0.000e+00 	 0.000e+00 	 0.000e+00 
7.80360 	 0.000e+00 	 0.000e+00 	 0.000e+00 
7.80860 	 0.000e+00 	 0.000e+00 	 0.000e+00 
7.81359 	 0.000e+00 	 0.000e+00 	 0.000e+00 
7.81859 	 0.000e+00 	 0.000e+00 	 0.000e+00 
7.82359 	 0.000e+00 	 0.000e+00 	 0.000e+00 
7.82859 	 0.000e+00 	 0.000e+00 	 0.000e+00 
7.83358 	 0.000e+00 	 0.000e+00 	 0.000e+00 
7.83858 	 0.000e+00 	 0.000e+00 	 0.000e+00 
7.84358 	 0.000e+00 	 0.000e+00 	 0.000e+00 
7.84858 	 0.000e+00 	 0.000e+00 	 0.000e+00 
7.85357 	 0.000e+00 	 0.000e+00 	 0.000e+00 
7.85857 	 0.000e+00 	 0.000e+00 	 0.000e+00 
7.86357 	 0.000e+00 	 0.000e+00 	 0.000e+00 
7.86857 	 0.000e+00 	 0.000e+00 	 0.000e+00 
7.87356 	 0.000e+00 	 0.000e+00 	 0.000e+00 
7.87856 	 0.000e+00 	 0.000e+00 	 0.000e+00 
7.88356 	 0.000e+00 	 0.000e+00 	 0.000e+00 
7.88856 	 0.000e+00 	 0.000e+00 	 0.000e+00 
7.89355 	 0.000e+00 	 0.000e+00 	 0.000e+00 
7.89855 	 0.000e+00 	 0.000e+00 	 0.000e+00 
7.90355 	 0.000e+00 	 0.000e+00 	 0.000e+00 
7.90855 	 0.000e+00 	 0.000e+00 	 0.000e+00 
7.91354 	 0.000e+00 	 0.000e+00 	 0.000e+00 
7.91854 	 0.000e+00 	 0.000e+00 	 0.000e+00 
7.92354 	 0.000e+00 	 0.000e+00 	 0.000e+00 
7.92854 	 0.000e+00 	 0.000e+00 	 0.000e+00 
7.93353 	 0.000e+00 	 0.000e+00 	 0.000e+00 
7.93853 	 0.000e+00 	 0.000e+00 	 0.000e+00 
7.94353 	 0.000e+00 	 0.000e+00 	 0.000e+00 
7.94853 	 0.000e+00 	 0.000e+00 	 0.000e+00 
7.95352 	 0.000e+00 	 0.000e+00 	 0.000e+00 
7.95852 	 0.000e+00 	 0.000e+00 	 0.000e+00 
7.96352 	 0.000e+00 	 0.000e+00 	 0.000e+00 
7.96852 	 0.000e+00 	 0.000e+00 	 0.000e+00 
7.97351 	 0.000e+00 	 0.000e+00 	 0.000e+00 
7.97851 	 0.000e+00 	 0.000e+00 	 0.000e+00 
7.98351 	 0.000e+00 	 0.000e+00 	 0.000e+00 
7.98851 	 0.000e+00 	 0.000e+00 	 0.000e+00 
7.99350 	 0.000e+00 	 0.000e+00 	 0.000e+00 
7.99850 	 0.000e+00 	 0.000e+00 	 0.000e+00 
8.00350 	 0.000e+00 	 0.000e+00 	 0.000e+00 
8.00850 	 0.000e+00 	 0.000e+00 	 0.000e+00 
8.01349 	 0.000e+00 	 0.000e+00 	 0.000e+00 
8.01849 	 0.000e+00 	 0.000e+00 	 0.000e+00 
8.02349 	 0.000e+00 	 0.000e+00 	 0.000e+00 
8.02849 	 0.000e+00 	 0.000e+00 	 0.000e+00 
8.03348 	 0.000e+00 	 0.000e+00 	 0.000e+00 
8.03848 	 0.000e+00 	 0.000e+00 	 0.000e+00 
8.04348 	 0.000e+00 	 0.000e+00 	 0.000e+00 
8.04848 	 0.000e+00 	 0.000e+00 	 0.000e+00 
8.05347 	 0.000e+00 	 0.000e+00 	 0.000e+00 
8.05847 	 0.000e+00 	 0.000e+00 	 0.000e+00 
8.06347 	 0.000e+00 	 0.000e+00 	 0.000e+00 
8.06847 	 0.000e+00 	 0.000e+00 	 0.000e+00 
8.07346 	 0.000e+00 	 0.000e+00 	 0.000e+00 
8.07846 	 0.000e+00 	 0.000e+00 	 0.000e+00 
8.08346 	 0.000e+00 	 0.000e+00 	 0.000e+00 
8.08846 	 0.000e+00 	 0.000e+00 	 0.000e+00 
8.09345 	 0.000e+00 	 0.000e+00 	 0.000e+00 
8.09845 	 0.000e+00 	 0.000e+00 	 0.000e+00 
8.10345 	 0.000e+00 	 0.000e+00 	 0.000e+00 
8.10845 	 0.000e+00 	 0.000e+00 	 0.000e+00 
8.11344 	 0.000e+00 	 0.000e+00 	 0.000e+00 
8.11844 	 0.000e+00 	 0.000e+00 	 0.000e+00 
8.12344 	 0.000e+00 	 0.000e+00 	 0.000e+00 
8.12844 	 0.000e+00 	 0.000e+00 	 0.000e+00 
8.13343 	 0.000e+00 	 0.000e+00 	 0.000e+00 
8.13843 	 0.000e+00 	 0.000e+00 	 0.000e+00 
8.14343 	 0.000e+00 	 0.000e+00 	 0.000e+00 
8.14843 	 0.000e+00 	 0.000e+00 	 0.000e+00 
8.15342 	 0.000e+00 	 0.000e+00 	 0.000e+00 
8.15842 	 0.000e+00 	 0.000e+00 	 0.000e+00 
8.16342 	 0.000e+00 	 0.000e+00 	 0.000e+00 
8.16842 	 0.000e+00 	 0.000e+00 	 0.000e+00 
8.17341 	 0.000e+00 	 0.000e+00 	 0.000e+00 
8.17841 	 0.000e+00 	 0.000e+00 	 0.000e+00 
8.18341 	 0.000e+00 	 0.000e+00 	 0.000e+00 
8.18841 	 0.000e+00 	 0.000e+00 	 0.000e+00 
8.19340 	 0.000e+00 	 0.000e+00 	 0.000e+00 
8.19840 	 0.000e+00 	 0.000e+00 	 0.000e+00 
8.20340 	 0.000e+00 	 0.000e+00 	 0.000e+00 
8.20840 	 0.000e+00 	 0.000e+00 	 0.000e+00 
8.21339 	 0.000e+00 	 0.000e+00 	 0.000e+00 
8.21839 	 0.000e+00 	 0.000e+00 	 0.000e+00 
8.22339 	 0.000e+00 	 0.000e+00 	 0.000e+00 
8.22839 	 0.000e+00 	 0.000e+00 	 0.000e+00 
8.23338 	 0.000e+00 	 0.000e+00 	 0.000e+00 
8.23838 	 0.000e+00 	 0.000e+00 	 0.000e+00 
8.24338 	 0.000e+00 	 0.000e+00 	 0.000e+00 
8.24838 	 0.000e+00 	 0.000e+00 	 0.000e+00 
8.25337 	 0.000e+00 	 0.000e+00 	 0.000e+00 
8.25837 	 0.000e+00 	 0.000e+00 	 0.000e+00 
8.26337 	 0.000e+00 	 0.000e+00 	 0.000e+00 
8.26837 	 0.000e+00 	 0.000e+00 	 0.000e+00 
8.27336 	 0.000e+00 	 0.000e+00 	 0.000e+00 
8.27836 	 0.000e+00 	 0.000e+00 	 0.000e+00 
8.28336 	 0.000e+00 	 0.000e+00 	 0.000e+00 
8.28836 	 0.000e+00 	 0.000e+00 	 0.000e+00 
8.29335 	 0.000e+00 	 0.000e+00 	 0.000e+00 
8.29835 	 0.000e+00 	 0.000e+00 	 0.000e+00 
8.30335 	 0.000e+00 	 0.000e+00 	 0.000e+00 
8.30835 	 0.000e+00 	 0.000e+00 	 0.000e+00 
8.31334 	 0.000e+00 	 0.000e+00 	 0.000e+00 
8.31834 	 0.000e+00 	 0.000e+00 	 0.000e+00 
8.32334 	 0.000e+00 	 0.000e+00 	 0.000e+00 
8.32834 	 0.000e+00 	 0.000e+00 	 0.000e+00 
8.33333 	 0.000e+00 	 0.000e+00 	 0.000e+00 
8.33833 	 0.000e+00 	 0.000e+00 	 0.000e+00 
8.34333 	 0.000e+00 	 0.000e+00 	 0.000e+00 
8.34833 	 0.000e+00 	 0.000e+00 	 0.000e+00 
8.35332 	 0.000e+00 	 0.000e+00 	 0.000e+00 
8.35832 	 0.000e+00 	 0.000e+00 	 0.000e+00 
8.36332 	 0.000e+00 	 0.000e+00 	 0.000e+00 
8.36832 	 0.000e+00 	 0.000e+00 	 0.000e+00 
8.37331 	 0.000e+00 	 0.000e+00 	 0.000e+00 
8.37831 	 0.000e+00 	 0.000e+00 	 0.000e+00 
8.38331 	 0.000e+00 	 0.000e+00 	 0.000e+00 
8.38831 	 0.000e+00 	 0.000e+00 	 0.000e+00 
8.39330 	 0.000e+00 	 0.000e+00 	 0.000e+00 
8.39830 	 0.000e+00 	 0.000e+00 	 0.000e+00 
8.40330 	 0.000e+00 	 0.000e+00 	 0.000e+00 
8.40830 	 0.000e+00 	 0.000e+00 	 0.000e+00 
8.41329 	 0.000e+00 	 0.000e+00 	 0.000e+00 
8.41829 	 0.000e+00 	 0.000e+00 	 0.000e+00 
8.42329 	 0.000e+00 	 0.000e+00 	 0.000e+00 
8.42829 	 0.000e+00 	 0.000e+00 	 0.000e+00 
8.43328 	 0.000e+00 	 0.000e+00 	 0.000e+00 
8.43828 	 0.000e+00 	 0.000e+00 	 0.000e+00 
8.44328 	 0.000e+00 	 0.000e+00 	 0.000e+00 
8.44828 	 0.000e+00 	 0.000e+00 	 0.000e+00 
8.45327 	 0.000e+00 	 0.000e+00 	 0.000e+00 
8.45827 	 0.000e+00 	 0.000e+00 	 0.000e+00 
8.46327 	 0.000e+00 	 0.000e+00 	 0.000e+00 
8.46827 	 0.000e+00 	 0.000e+00 	 0.000e+00 
8.47326 	 0.000e+00 	 0.000e+00 	 0.000e+00 
8.47826 	 0.000e+00 	 0.000e+00 	 0.000e+00 
8.48326 	 0.000e+00 	 0.000e+00 	 0.000e+00 
8.48826 	 0.000e+00 	 0.000e+00 	 0.000e+00 
8.49325 	 0.000e+00 	 0.000e+00 	 0.000e+00 
8.49825 	 0.000e+00 	 0.000e+00 	 0.000e+00 
8.50325 	 0.000e+00 	 0.000e+00 	 0.000e+00 
8.50825 	 0.000e+00 	 0.000e+00 	 0.000e+00 
8.51324 	 0.000e+00 	 0.000e+00 	 0.000e+00 
8.51824 	 0.000e+00 	 0.000e+00 	 0.000e+00 
8.52324 	 0.000e+00 	 0.000e+00 	 0.000e+00 
8.52824 	 0.000e+00 	 0.000e+00 	 0.000e+00 
8.53323 	 0.000e+00 	 0.000e+00 	 0.000e+00 
8.53823 	 0.000e+00 	 0.000e+00 	 0.000e+00 
8.54323 	 0.000e+00 	 0.000e+00 	 0.000e+00 
8.54823 	 0.000e+00 	 0.000e+00 	 0.000e+00 
8.55322 	 0.000e+00 	 0.000e+00 	 0.000e+00 
8.55822 	 0.000e+00 	 0.000e+00 	 0.000e+00 
8.56322 	 0.000e+00 	 0.000e+00 	 0.000e+00 
8.56822 	 0.000e+00 	 0.000e+00 	 0.000e+00 
8.57321 	 0.000e+00 	 0.000e+00 	 0.000e+00 
8.57821 	 0.000e+00 	 0.000e+00 	 0.000e+00 
8.58321 	 0.000e+00 	 0.000e+00 	 0.000e+00 
8.58821 	 0.000e+00 	 0.000e+00 	 0.000e+00 
8.59320 	 0.000e+00 	 0.000e+00 	 0.000e+00 
8.59820 	 0.000e+00 	 0.000e+00 	 0.000e+00 
8.60320 	 0.000e+00 	 0.000e+00 	 0.000e+00 
8.60820 	 0.000e+00 	 0.000e+00 	 0.000e+00 
8.61319 	 0.000e+00 	 0.000e+00 	 0.000e+00 
8.61819 	 0.000e+00 	 0.000e+00 	 0.000e+00 
8.62319 	 0.000e+00 	 0.000e+00 	 0.000e+00 
8.62819 	 0.000e+00 	 0.000e+00 	 0.000e+00 
8.63318 	 0.000e+00 	 0.000e+00 	 0.000e+00 
8.63818 	 0.000e+00 	 0.000e+00 	 0.000e+00 
8.64318 	 0.000e+00 	 0.000e+00 	 0.000e+00 
8.64818 	 0.000e+00 	 0.000e+00 	 0.000e+00 
8.65317 	 0.000e+00 	 0.000e+00 	 0.000e+00 
8.65817 	 0.000e+00 	 0.000e+00 	 0.000e+00 
8.66317 	 0.000e+00 	 0.000e+00 	 0.000e+00 
8.66817 	 0.000e+00 	 0.000e+00 	 0.000e+00 
8.67316 	 0.000e+00 	 0.000e+00 	 0.000e+00 
8.67816 	 0.000e+00 	 0.000e+00 	 0.000e+00 
8.68316 	 0.000e+00 	 0.000e+00 	 0.000e+00 
8.68816 	 0.000e+00 	 0.000e+00 	 0.000e+00 
8.69315 	 0.000e+00 	 0.000e+00 	 0.000e+00 
8.69815 	 0.000e+00 	 0.000e+00 	 0.000e+00 
8.70315 	 0.000e+00 	 0.000e+00 	 0.000e+00 
8.70815 	 0.000e+00 	 0.000e+00 	 0.000e+00 
8.71314 	 0.000e+00 	 0.000e+00 	 0.000e+00 
8.71814 	 0.000e+00 	 0.000e+00 	 0.000e+00 
8.72314 	 0.000e+00 	 0.000e+00 	 0.000e+00 
8.72814 	 0.000e+00 	 0.000e+00 	 0.000e+00 
8.73313 	 0.000e+00 	 0.000e+00 	 0.000e+00 
8.73813 	 0.000e+00 	 0.000e+00 	 0.000e+00 
8.74313 	 0.000e+00 	 0.000e+00 	 0.000e+00 
8.74813 	 0.000e+00 	 0.000e+00 	 0.000e+00 
8.75312 	 0.000e+00 	 0.000e+00 	 0.000e+00 
8.75812 	 0.000e+00 	 0.000e+00 	 0.000e+00 
8.76312 	 0.000e+00 	 0.000e+00 	 0.000e+00 
8.76812 	 0.000e+00 	 0.000e+00 	 0.000e+00 
8.77311 	 0.000e+00 	 0.000e+00 	 0.000e+00 
8.77811 	 0.000e+00 	 0.000e+00 	 0.000e+00 
8.78311 	 0.000e+00 	 0.000e+00 	 0.000e+00 
8.78811 	 0.000e+00 	 0.000e+00 	 0.000e+00 
8.79310 	 0.000e+00 	 0.000e+00 	 0.000e+00 
8.79810 	 0.000e+00 	 0.000e+00 	 0.000e+00 
8.80310 	 0.000e+00 	 0.000e+00 	 0.000e+00 
8.80810 	 0.000e+00 	 0.000e+00 	 0.000e+00 
8.81309 	 0.000e+00 	 0.000e+00 	 0.000e+00 
8.81809 	 0.000e+00 	 0.000e+00 	 0.000e+00 
8.82309 	 0.000e+00 	 0.000e+00 	 0.000e+00 
8.82809 	 0.000e+00 	 0.000e+00 	 0.000e+00 
8.83308 	 0.000e+00 	 0.000e+00 	 0.000e+00 
8.83808 	 0.000e+00 	 0.000e+00 	 0.000e+00 
8.84308 	 0.000e+00 	 0.000e+00 	 0.000e+00 
8.84808 	 0.000e+00 	 0.000e+00 	 0.000e+00 
8.85307 	 0.000e+00 	 0.000e+00 	 0.000e+00 
8.85807 	 0.000e+00 	 0.000e+00 	 0.000e+00 
8.86307 	 0.000e+00 	 0.000e+00 	 0.000e+00 
8.86807 	 0.000e+00 	 0.000e+00 	 0.000e+00 
8.87306 	 0.000e+00 	 0.000e+00 	 0.000e+00 
8.87806 	 0.000e+00 	 0.000e+00 	 0.000e+00 
8.88306 	 0.000e+00 	 0.000e+00 	 0.000e+00 
8.88806 	 0.000e+00 	 0.000e+00 	 0.000e+00 
8.89305 	 0.000e+00 	 0.000e+00 	 0.000e+00 
8.89805 	 0.000e+00 	 0.000e+00 	 0.000e+00 
8.90305 	 0.000e+00 	 0.000e+00 	 0.000e+00 
8.90805 	 0.000e+00 	 0.000e+00 	 0.000e+00 
8.91304 	 0.000e+00 	 0.000e+00 	 0.000e+00 
8.91804 	 0.000e+00 	 0.000e+00 	 0.000e+00 
8.92304 	 0.000e+00 	 0.000e+00 	 0.000e+00 
8.92804 	 0.000e+00 	 0.000e+00 	 0.000e+00 
8.93303 	 0.000e+00 	 0.000e+00 	 0.000e+00 
8.93803 	 0.000e+00 	 0.000e+00 	 0.000e+00 
8.94303 	 0.000e+00 	 0.000e+00 	 0.000e+00 
8.94803 	 0.000e+00 	 0.000e+00 	 0.000e+00 
8.95302 	 0.000e+00 	 0.000e+00 	 0.000e+00 
8.95802 	 0.000e+00 	 0.000e+00 	 0.000e+00 
8.96302 	 0.000e+00 	 0.000e+00 	 0.000e+00 
8.96802 	 0.000e+00 	 0.000e+00 	 0.000e+00 
8.97301 	 0.000e+00 	 0.000e+00 	 0.000e+00 
8.97801 	 0.000e+00 	 0.000e+00 	 0.000e+00 
8.98301 	 0.000e+00 	 0.000e+00 	 0.000e+00 
8.98801 	 0.000e+00 	 0.000e+00 	 0.000e+00 
8.99300 	 0.000e+00 	 0.000e+00 	 0.000e+00 
8.99800 	 0.000e+00 	 0.000e+00 	 0.000e+00 
9.00300 	 0.000e+00 	 0.000e+00 	 0.000e+00 
9.00800 	 0.000e+00 	 0.000e+00 	 0.000e+00 
9.01299 	 0.000e+00 	 0.000e+00 	 0.000e+00 
9.01799 	 0.000e+00 	 0.000e+00 	 0.000e+00 
9.02299 	 0.000e+00 	 0.000e+00 	 0.000e+00 
9.02799 	 0.000e+00 	 0.000e+00 	 0.000e+00 
9.03298 	 0.000e+00 	 0.000e+00 	 0.000e+00 
9.03798 	 0.000e+00 	 0.000e+00 	 0.000e+00 
9.04298 	 0.000e+00 	 0.000e+00 	 0.000e+00 
9.04798 	 0.000e+00 	 0.000e+00 	 0.000e+00 
9.05297 	 0.000e+00 	 0.000e+00 	 0.000e+00 
9.05797 	 0.000e+00 	 0.000e+00 	 0.000e+00 
9.06297 	 0.000e+00 	 0.000e+00 	 0.000e+00 
9.06797 	 0.000e+00 	 0.000e+00 	 0.000e+00 
9.07296 	 0.000e+00 	 0.000e+00 	 0.000e+00 
9.07796 	 0.000e+00 	 0.000e+00 	 0.000e+00 
9.08296 	 0.000e+00 	 0.000e+00 	 0.000e+00 
9.08796 	 0.000e+00 	 0.000e+00 	 0.000e+00 
9.09295 	 0.000e+00 	 0.000e+00 	 0.000e+00 
9.09795 	 0.000e+00 	 0.000e+00 	 0.000e+00 
9.10295 	 0.000e+00 	 0.000e+00 	 0.000e+00 
9.10795 	 0.000e+00 	 0.000e+00 	 0.000e+00 
9.11294 	 0.000e+00 	 0.000e+00 	 0.000e+00 
9.11794 	 0.000e+00 	 0.000e+00 	 0.000e+00 
9.12294 	 0.000e+00 	 0.000e+00 	 0.000e+00 
9.12794 	 0.000e+00 	 0.000e+00 	 0.000e+00 
9.13293 	 0.000e+00 	 0.000e+00 	 0.000e+00 
9.13793 	 0.000e+00 	 0.000e+00 	 0.000e+00 
9.14293 	 0.000e+00 	 0.000e+00 	 0.000e+00 
9.14793 	 0.000e+00 	 0.000e+00 	 0.000e+00 
9.15292 	 0.000e+00 	 0.000e+00 	 0.000e+00 
9.15792 	 0.000e+00 	 0.000e+00 	 0.000e+00 
9.16292 	 0.000e+00 	 0.000e+00 	 0.000e+00 
9.16792 	 0.000e+00 	 0.000e+00 	 0.000e+00 
9.17291 	 0.000e+00 	 0.000e+00 	 0.000e+00 
9.17791 	 0.000e+00 	 0.000e+00 	 0.000e+00 
9.18291 	 0.000e+00 	 0.000e+00 	 0.000e+00 
9.18791 	 0.000e+00 	 0.000e+00 	 0.000e+00 
9.19290 	 0.000e+00 	 0.000e+00 	 0.000e+00 
9.19790 	 0.000e+00 	 0.000e+00 	 0.000e+00 
9.20290 	 0.000e+00 	 0.000e+00 	 0.000e+00 
9.20790 	 0.000e+00 	 0.000e+00 	 0.000e+00 
9.21289 	 0.000e+00 	 0.000e+00 	 0.000e+00 
9.21789 	 0.000e+00 	 0.000e+00 	 0.000e+00 
9.22289 	 0.000e+00 	 0.000e+00 	 0.000e+00 
9.22789 	 0.000e+00 	 0.000e+00 	 0.000e+00 
9.23288 	 0.000e+00 	 0.000e+00 	 0.000e+00 
9.23788 	 0.000e+00 	 0.000e+00 	 0.000e+00 
9.24288 	 0.000e+00 	 0.000e+00 	 0.000e+00 
9.24788 	 0.000e+00 	 0.000e+00 	 0.000e+00 
9.25287 	 0.000e+00 	 0.000e+00 	 0.000e+00 
9.25787 	 0.000e+00 	 0.000e+00 	 0.000e+00 
9.26287 	 0.000e+00 	 0.000e+00 	 0.000e+00 
9.26787 	 0.000e+00 	 0.000e+00 	 0.000e+00 
9.27286 	 0.000e+00 	 0.000e+00 	 0.000e+00 
9.27786 	 0.000e+00 	 0.000e+00 	 0.000e+00 
9.28286 	 0.000e+00 	 0.000e+00 	 0.000e+00 
9.28786 	 0.000e+00 	 0.000e+00 	 0.000e+00 
9.29285 	 0.000e+00 	 0.000e+00 	 0.000e+00 
9.29785 	 0.000e+00 	 0.000e+00 	 0.000e+00 
9.30285 	 0.000e+00 	 0.000e+00 	 0.000e+00 
9.30785 	 0.000e+00 	 0.000e+00 	 0.000e+00 
9.31284 	 0.000e+00 	 0.000e+00 	 0.000e+00 
9.31784 	 0.000e+00 	 0.000e+00 	 0.000e+00 
9.32284 	 0.000e+00 	 0.000e+00 	 0.000e+00 
9.32784 	 0.000e+00 	 0.000e+00 	 0.000e+00 
9.33283 	 0.000e+00 	 0.000e+00 	 0.000e+00 
9.33783 	 0.000e+00 	 0.000e+00 	 0.000e+00 
9.34283 	 0.000e+00 	 0.000e+00 	 0.000e+00 
9.34783 	 0.000e+00 	 0.000e+00 	 0.000e+00 
9.35282 	 0.000e+00 	 0.000e+00 	 0.000e+00 
9.35782 	 0.000e+00 	 0.000e+00 	 0.000e+00 
9.36282 	 0.000e+00 	 0.000e+00 	 0.000e+00 
9.36782 	 0.000e+00 	 0.000e+00 	 0.000e+00 
9.37281 	 0.000e+00 	 0.000e+00 	 0.000e+00 
9.37781 	 0.000e+00 	 0.000e+00 	 0.000e+00 
9.38281 	 0.000e+00 	 0.000e+00 	 0.000e+00 
9.38781 	 0.000e+00 	 0.000e+00 	 0.000e+00 
9.39280 	 0.000e+00 	 0.000e+00 	 0.000e+00 
9.39780 	 0.000e+00 	 0.000e+00 	 0.000e+00 
9.40280 	 0.000e+00 	 0.000e+00 	 0.000e+00 
9.40780 	 0.000e+00 	 0.000e+00 	 0.000e+00 
9.41279 	 0.000e+00 	 0.000e+00 	 0.000e+00 
9.41779 	 0.000e+00 	 0.000e+00 	 0.000e+00 
9.42279 	 0.000e+00 	 0.000e+00 	 0.000e+00 
9.42779 	 0.000e+00 	 0.000e+00 	 0.000e+00 
9.43278 	 0.000e+00 	 0.000e+00 	 0.000e+00 
9.43778 	 0.000e+00 	 0.000e+00 	 0.000e+00 
9.44278 	 0.000e+00 	 0.000e+00 	 0.000e+00 
9.44778 	 0.000e+00 	 0.000e+00 	 0.000e+00 
9.45277 	 0.000e+00 	 0.000e+00 	 0.000e+00 
9.45777 	 0.000e+00 	 0.000e+00 	 0.000e+00 
9.46277 	 0.000e+00 	 0.000e+00 	 0.000e+00 
9.46777 	 0.000e+00 	 0.000e+00 	 0.000e+00 
9.47276 	 0.000e+00 	 0.000e+00 	 0.000e+00 
9.47776 	 0.000e+00 	 0.000e+00 	 0.000e+00 
9.48276 	 0.000e+00 	 0.000e+00 	 0.000e+00 
9.48776 	 0.000e+00 	 0.000e+00 	 0.000e+00 
9.49275 	 0.000e+00 	 0.000e+00 	 0.000e+00 
9.49775 	 0.000e+00 	 0.000e+00 	 0.000e+00 
9.50275 	 0.000e+00 	 0.000e+00 	 0.000e+00 
9.50775 	 0.000e+00 	 0.000e+00 	 0.000e+00 
9.51274 	 0.000e+00 	 0.000e+00 	 0.000e+00 
9.51774 	 0.000e+00 	 0.000e+00 	 0.000e+00 
9.52274 	 0.000e+00 	 0.000e+00 	 0.000e+00 
9.52774 	 0.000e+00 	 0.000e+00 	 0.000e+00 
9.53273 	 0.000e+00 	 0.000e+00 	 0.000e+00 
9.53773 	 0.000e+00 	 0.000e+00 	 0.000e+00 
9.54273 	 0.000e+00 	 0.000e+00 	 0.000e+00 
9.54773 	 0.000e+00 	 0.000e+00 	 0.000e+00 
9.55272 	 0.000e+00 	 0.000e+00 	 0.000e+00 
9.55772 	 0.000e+00 	 0.000e+00 	 0.000e+00 
9.56272 	 0.000e+00 	 0.000e+00 	 0.000e+00 
9.56772 	 0.000e+00 	 0.000e+00 	 0.000e+00 
9.57271 	 0.000e+00 	 0.000e+00 	 0.000e+00 
9.57771 	 0.000e+00 	 0.000e+00 	 0.000e+00 
9.58271 	 0.000e+00 	 0.000e+00 	 0.000e+00 
9.58771 	 0.000e+00 	 0.000e+00 	 0.000e+00 
9.59270 	 0.000e+00 	 0.000e+00 	 0.000e+00 
9.59770 	 0.000e+00 	 0.000e+00 	 0.000e+00 
9.60270 	 0.000e+00 	 0.000e+00 	 0.000e+00 
9.60770 	 0.000e+00 	 0.000e+00 	 0.000e+00 
9.61269 	 0.000e+00 	 0.000e+00 	 0.000e+00 
9.61769 	 0.000e+00 	 0.000e+00 	 0.000e+00 
9.62269 	 0.000e+00 	 0.000e+00 	 0.000e+00 
9.62769 	 0.000e+00 	 0.000e+00 	 0.000e+00 
9.63268 	 0.000e+00 	 0.000e+00 	 0.000e+00 
9.63768 	 0.000e+00 	 0.000e+00 	 0.000e+00 
9.64268 	 0.000e+00 	 0.000e+00 	 0.000e+00 
9.64768 	 0.000e+00 	 0.000e+00 	 0.000e+00 
9.65267 	 0.000e+00 	 0.000e+00 	 0.000e+00 
9.65767 	 0.000e+00 	 0.000e+00 	 0.000e+00 
9.66267 	 0.000e+00 	 0.000e+00 	 0.000e+00 
9.66767 	 0.000e+00 	 0.000e+00 	 0.000e+00 
9.67266 	 0.000e+00 	 0.000e+00 	 0.000e+00 
9.67766 	 0.000e+00 	 0.000e+00 	 0.000e+00 
9.68266 	 0.000e+00 	 0.000e+00 	 0.000e+00 
9.68766 	 0.000e+00 	 0.000e+00 	 0.000e+00 
9.69265 	 0.000e+00 	 0.000e+00 	 0.000e+00 
9.69765 	 0.000e+00 	 0.000e+00 	 0.000e+00 
9.70265 	 0.000e+00 	 0.000e+00 	 0.000e+00 
9.70765 	 0.000e+00 	 0.000e+00 	 0.000e+00 
9.71264 	 0.000e+00 	 0.000e+00 	 0.000e+00 
9.71764 	 0.000e+00 	 0.000e+00 	 0.000e+00 
9.72264 	 0.000e+00 	 0.000e+00 	 0.000e+00 
9.72764 	 0.000e+00 	 0.000e+00 	 0.000e+00 
9.73263 	 0.000e+00 	 0.000e+00 	 0.000e+00 
9.73763 	 0.000e+00 	 0.000e+00 	 0.000e+00 
9.74263 	 0.000e+00 	 0.000e+00 	 0.000e+00 
9.74763 	 0.000e+00 	 0.000e+00 	 0.000e+00 
9.75262 	 0.000e+00 	 0.000e+00 	 0.000e+00 
9.75762 	 0.000e+00 	 0.000e+00 	 0.000e+00 
9.76262 	 0.000e+00 	 0.000e+00 	 0.000e+00 
9.76762 	 0.000e+00 	 0.000e+00 	 0.000e+00 
9.77261 	 0.000e+00 	 0.000e+00 	 0.000e+00 
9.77761 	 0.000e+00 	 0.000e+00 	 0.000e+00 
9.78261 	 0.000e+00 	 0.000e+00 	 0.000e+00 
9.78761 	 0.000e+00 	 0.000e+00 	 0.000e+00 
9.79260 	 0.000e+00 	 0.000e+00 	 0.000e+00 
9.79760 	 0.000e+00 	 0.000e+00 	 0.000e+00 
9.80260 	 0.000e+00 	 0.000e+00 	 0.000e+00 
9.80760 	 0.000e+00 	 0.000e+00 	 0.000e+00 
9.81259 	 0.000e+00 	 0.000e+00 	 0.000e+00 
9.81759 	 0.000e+00 	 0.000e+00 	 0.000e+00 
9.82259 	 0.000e+00 	 0.000e+00 	 0.000e+00 
9.82759 	 0.000e+00 	 0.000e+00 	 0.000e+00 
9.83258 	 0.000e+00 	 0.000e+00 	 0.000e+00 
9.83758 	 0.000e+00 	 0.000e+00 	 0.000e+00 
9.84258 	 0.000e+00 	 0.000e+00 	 0.000e+00 
9.84758 	 0.000e+00 	 0.000e+00 	 0.000e+00 
9.85257 	 0.000e+00 	 0.000e+00 	 0.000e+00 
9.85757 	 0.000e+00 	 0.000e+00 	 0.000e+00 
9.86257 	 0.000e+00 	 0.000e+00 	 0.000e+00 
9.86757 	 0.000e+00 	 0.000e+00 	 0.000e+00 
9.87256 	 0.000e+00 	 0.000e+00 	 0.000e+00 
9.87756 	 0.000e+00 	 0.000e+00 	 0.000e+00 
9.88256 	 0.000e+00 	 0.000e+00 	 0.000e+00 
9.88756 	 0.000e+00 	 0.000e+00 	 0.000e+00 
9.89255 	 0.000e+00 	 0.000e+00 	 0.000e+00 
9.89755 	 0.000e+00 	 0.000e+00 	 0.000e+00 
9.90255 	 0.000e+00 	 0.000e+00 	 0.000e+00 
9.90755 	 0.000e+00 	 0.000e+00 	 0.000e+00 
9.91254 	 0.000e+00 	 0.000e+00 	 0.000e+00 
9.91754 	 0.000e+00 	 0.000e+00 	 0.000e+00 
9.92254 	 0.000e+00 	 0.000e+00 	 0.000e+00 
9.92754 	 0.000e+00 	 0.000e+00 	 0.000e+00 
9.93253 	 0.000e+00 	 0.000e+00 	 0.000e+00 
9.93753 	 0.000e+00 	 0.000e+00 	 0.000e+00 
9.94253 	 0.000e+00 	 0.000e+00 	 0.000e+00 
9.94753 	 0.000e+00 	 0.000e+00 	 0.000e+00 
9.95252 	 0.000e+00 	 0.000e+00 	 0.000e+00 
9.95752 	 0.000e+00 	 0.000e+00 	 0.000e+00 
9.96252 	 0.000e+00 	 0.000e+00 	 0.000e+00 
9.96752 	 0.000e+00 	 0.000e+00 	 0.000e+00 
9.97251 	 0.000e+00 	 0.000e+00 	 0.000e+00 
9.97751 	 0.000e+00 	 0.000e+00 	 0.000e+00 
9.98251 	 0.000e+00 	 0.000e+00 	 0.000e+00 
9.98751 	 0.000e+00 	 0.000e+00 	 0.000e+00 
9.99250 	 0.000e+00 	 0.000e+00 	 0.000e+00 
9.99750 	 0.000e+00 	 0.000e+00 	 0.000e+00 
10.00250 	 3.276e-08 	 1.707e-02 	 2.251e+00 
